<?xml version="1.0" encoding="UTF-8"?>
<testng-results skipped="1" failed="3" ignored="2" total="16" passed="10">
  <reporter-output>
    <line>
      <![CDATA[Delhi]]>
    </line>
    <line>
      <![CDATA[17e5c69afcef0f16365a6c3b0cba4400]]>
    </line>
    <line>
      <![CDATA[Response is= {"coord":{"lon":77.22,"lat":28.67},"weather":[{"id":721,"main":"Haze","description":"haze","icon":"50d"}],"base":"stations","main":{"temp":291.65,"feels_like":288.42,"temp_min":290.93,"temp_max":292.15,"pressure":1014,"humidity":37},"visibility":4000,"wind":{"speed":2.6,"deg":260,"gust":7.7},"clouds":{"all":40},"dt":1579856326,"sys":{"type":1,"id":9165,"country":"IN","sunrise":1579830187,"sunset":1579868553},"timezone":19800,"id":1273294,"name":"Delhi","cod":200}]]>
    </line>
    <line>
      <![CDATA[Verified the status code successfully]]>
    </line>
    <line>
      <![CDATA[Contect Type is = application/json; charset=utf-8]]>
    </line>
    <line>
      <![CDATA[Content type verified]]>
    </line>
    <line>
      <![CDATA[Country code verifed successfully]]>
    </line>
    <line>
      <![CDATA[Country code verifed successfully]]>
    </line>
    <line>
      <![CDATA[Response for invalid data= <html>
    <head><script data-ezscrex="false" type="text/javascript" data-cfasync="false">var _ezaq = {"ad_cache_level":0,"ad_location_ids":"","ad_transform_level":0,"adx_ad_count":0,"bidder_version":3,"city":"Bengaluru","country":"IN","days_since_last_visit":-1,"display_ad_count":0,"domain_id":133674,"ds_adsize_opt_id":-1,"engaged_time_visit":0,"ezcache_level":1,"forensiq_score":-1,"form_factor_id":1,"framework_id":1,"has_bad_image":0,"has_bad_words":0,"iab_category":"","is_from_recommended_pages":false,"is_return_visitor":false,"is_sitespeed":0,"last_page_load":"","last_pageview_id":"","lt_cache_level":0,"max_ads":0,"metro_code":0,"page_ad_positions":"","page_view_count":0,"page_view_id":"d1670b08-e8c9-4b72-75c6-cbf9e76e0094","position_selection_id":0,"postal_code":"560002","pv_event_count":0,"response_time_orig":728,"serverid":"13.127.238.167:10859","state":"KA","sub_page_ad_positions":"","t_epoch":1579857028,"template_id":0,"time_on_site_visit":0,"url":"http://dummy.restapiexample.com/api/v1?q=Bangaloree\u0026appid=17e5c69afcef0f16365a6c3b0cba4400","user_id":0,"word_count":0,"worst_bad_word_level":0};var _ezim_d = null;var _ezat = {"domain_id":133674,"form_factor_id":1,"framework_id":1,"pageview_date":"2020-01-24","pageview_id":"d1670b08-e8c9-4b72-75c6-cbf9e76e0094","template_id":0,"url":"http://dummy.restapiexample.com/api/v1?q=Bangaloree\u0026appid=17e5c69afcef0f16365a6c3b0cba4400","visit_uuid":"0c794063-1a4d-4c26-4599-e72d1429f624"};</script><script data-ezscrex='false' data-pagespeed-no-defer data-cfasync='false' type="text/javascript">__ez.queue.addFile('banger.js', '/porpoiseant/banger.js?cb=188-3&bv=91&v=30&PageSpeed=off', true, [], true, false, false, true);</script>
<script data-ezscrex='false' data-cfasync='false' data-pagespeed-no-defer>var __ez=__ez||{};__ez.stms=Date.now();__ez.evt={};__ez.script={};__ez.ck={};__ez.template={};__ez.template.isOrig=false;__ez.evt.add=function(e,t,n){e.addEventListener?e.addEventListener(t,n,!1):e.attachEvent?e.attachEvent("on"+t,n):e["on"+t]=n()},__ez.evt.remove=function(e,t,n){e.removeEventListener?e.removeEventListener(t,n,!1):e.detachEvent?e.detachEvent("on"+t,n):delete e["on"+t]};__ez.ck.get=function(e,n){null!==n&&(e=e+"_"+n);for(var o=e+"=",t=decodeURIComponent(document.cookie).split(";"),i=0;i<t.length;i++){for(var c=t[i];" "===c.charAt(0);)c=c.substring(1);if(0===c.indexOf(o))return c.substring(o.length,c.length)}return""},__ez.ck.setByCat=function(e,n){if(-1===e.indexOf("path=")&&(e+="; path=/"),"undefined"!=typeof cmpIsOn){if(null!=n){var o=__ez.ck.get("ezCMPCookieConsent",null);-1!==(o=o.substring(1,o.length)).indexOf(n+"=1")?document.cookie=e:""===o&&"undefined"!=typeof cmpCookies&&(void 0===cmpCookies[n]&&(cmpCookies[n]=[]),cmpCookies[n].push(e))}}else document.cookie=e};__ez.queue=function(){var e=0,i=0,n=[],t=!1,r=[],o=[],s=!0,a={func:function(e,i,t,r,o,s,a){var l=this;this.name=e,this.funcName=i,this.parameters=null===t?null:t instanceof Array?t:[t],this.isBlock=r,this.blockedBy=o,this.deleteWhenComplete=s,this.isError=!1,this.isComplete=!1,this.isInitialized=!1,this.proceedIfError=a,this.isTimeDelay=!1,this.process=function(){d("... func = "+e),l.isInitialized=!0,l.isComplete=!0,d("... func.apply: "+e);var i=l.funcName.split("."),t=null;i.length>3||(t=3===i.length?window[i[0]][i[1]][i[2]]:2===i.length?window[i[0]][i[1]]:window[l.funcName]),null!=t&&t.apply(null,this.parameters),!0===l.deleteWhenComplete&&delete n[e],!0===l.isBlock&&(d("----- F'D: "+l.name),f())}},file:function(e,i,n,t,r,o,s){var a=this;this.name=e,this.path=i,this.async=r,this.defer=o,this.isBlock=n,this.blockedBy=t,this.isInitialized=!1,this.isError=!1,this.isComplete=!1,this.proceedIfError=s,this.isTimeDelay=!1,this.process=function(){a.isInitialized=!0,d("... file = "+e);var n=document.createElement("script");n.src=i,!0===r?n.async=!0:!0===o&&(n.defer=!0),n.onerror=function(){d("----- ERR'D: "+a.name),a.isError=!0,!0===a.isBlock&&f()},n.onreadystatechange=n.onload=function(){var e=n.readyState;d("----- F'D: "+a.name),e&&!/loaded|complete/.test(e)||(a.isComplete=!0,!0===a.isBlock&&f())},document.getElementsByTagName("head")[0].appendChild(n)}}};function l(e){!0!==c(e)&&0!=s&&e.process()}function c(e){if(!0===e.isTimeDelay&&!1===t)return d(e.name+" blocked = TIME DELAY!"),!0;if(e.blockedBy instanceof Array)for(var i=0;i<e.blockedBy.length;i++){var r=e.blockedBy[i];if(!1===n.hasOwnProperty(r))return d(e.name+" blocked = "+r),!0;if(!0===e.proceedIfError&&!0===n[r].isError)return!1;if(!1===n[r].isComplete)return d(e.name+" blocked = "+r),!0}return!1}function d(e){var i=window.location.href,n=new RegExp("[?&]ezq=([^&#]*)","i").exec(i);"1"===(n?n[1]:null)&&console.debug(e)}function f(){++e>200||(d("let's go"),u(r),u(o))}function u(e){for(var i in e)if(!1!==e.hasOwnProperty(i)){var n=e[i];!0===n.isComplete||c(n)||!0===n.isInitialized||!0===n.isError?!0===n.isError?d(n.name+": error"):!0===n.isComplete?d(n.name+": complete already"):!0===n.isInitialized&&d(n.name+": initialized already"):n.process()}}return window.addEventListener("load",function(){setTimeout(function(){t=!0,d("TDELAY -----"),f()},5e3)},!1),{addFile:function(e,i,t,s,c,d,f,u){var h=new a.file(e,i,t,s,c,d,f);!0===u?r[e]=h:o[e]=h,n[e]=h,l(h)},addDelayFile:function(e,i){var t=new a.file(e,i,!1,[],!1,!1,!0);t.isTimeDelay=!0,d(e+" ...  FILE! TDELAY"),o[e]=t,n[e]=t,l(t)},addFunc:function(e,t,s,c,d,f,u,h,m){!0===f&&(e=e+"_"+i++);var p=new a.func(e,t,s,c,d,u,h);!0===m?r[e]=p:o[e]=p,n[e]=p,l(p)},addDelayFunc:function(e,i,t){var r=new a.func(e,i,t,!1,[],!0,!0);r.isTimeDelay=!0,d(e+" ...  FUNCTION! TDELAY"),o[e]=r,n[e]=r,l(r)},items:n,processAll:f,setallowLoad:function(e){s=e}}}();__ez.script.add=function(e){var t=document.createElement("script");t.src=e,t.async=!0,t.type="text/javascript",document.getElementsByTagName("head")[0].appendChild(t)};__ez.dot={};var __ezDotData=function(e,t){"string"!=typeof e&&2==e.length&&(t=e[1],e=e[0]),this.name=e,this.val=t};__ez.dot.b64={_keyStr:"ABCDEFGHIJKLMNOPQRSTUVWXYZabcdefghijklmnopqrstuvwxyz0123456789+/=",encode:function(e){var t,r,n,o,i,d,a,_="",f=0;for(e=Base64._utf8_encode(e);f<e.length;)o=(t=e.charCodeAt(f++))>>2,i=(3&t)<<4|(r=e.charCodeAt(f++))>>4,d=(15&r)<<2|(n=e.charCodeAt(f++))>>6,a=63&n,isNaN(r)?d=a=64:isNaN(n)&&(a=64),_=_+this._keyStr.charAt(o)+this._keyStr.charAt(i)+this._keyStr.charAt(d)+this._keyStr.charAt(a);return _},decode:function(e){var t,r,n,o,i,d,a="",_=0;for(e=e.replace(/[^A-Za-z0-9+/=]/g,"");_<e.length;)t=this._keyStr.indexOf(e.charAt(_++))<<2|(o=this._keyStr.indexOf(e.charAt(_++)))>>4,r=(15&o)<<4|(i=this._keyStr.indexOf(e.charAt(_++)))>>2,n=(3&i)<<6|(d=this._keyStr.indexOf(e.charAt(_++))),a+=String.fromCharCode(t),64!=i&&(a+=String.fromCharCode(r)),64!=d&&(a+=String.fromCharCode(n));return a=Base64._utf8_decode(a)},_utf8_encode:function(e){e=e.replace(/rn/g,"n");for(var t="",r=0;r<e.length;r++){var n=e.charCodeAt(r);n<128?t+=String.fromCharCode(n):(127<n&&n<2048?t+=String.fromCharCode(n>>6|192):(t+=String.fromCharCode(n>>12|224),t+=String.fromCharCode(n>>6&63|128)),t+=String.fromCharCode(63&n|128))}return t},_utf8_decode:function(e){for(var t="",r=0,n=c1=c2=0;r<e.length;)(n=e.charCodeAt(r))<128?(t+=String.fromCharCode(n),r++):191<n&&n<224?(c2=e.charCodeAt(r+1),t+=String.fromCharCode((31&n)<<6|63&c2),r+=2):(c2=e.charCodeAt(r+1),c3=e.charCodeAt(r+2),t+=String.fromCharCode((15&n)<<12|(63&c2)<<6|63&c3),r+=3);return t}},__ez.dot.dataToStr=function(e){if(void 0===e)return[];try{for(var t in e)e[t].val=e[t].val+""}catch(e){}return e},__ez.dot.getCC=function(){var e="XX";return"undefined"!=typeof _ezaq&&_ezaq.hasOwnProperty("country")&&(e=_ezaq.country),e},__ez.dot.getDID=function(){var e="0";return"undefined"!=typeof _ezaq&&_ezaq.hasOwnProperty("domain_id")&&(e=_ezaq.domain_id.toString()),e},__ez.dot.getEpoch=function(e){return"undefined"!=typeof _ezaq&&_ezaq.hasOwnProperty("t_epoch")&&(e=_ezaq.t_epoch),e},__ez.dot.getPageviewId=function(){var e="";return"undefined"!=typeof _ezaq&&_ezaq.hasOwnProperty("page_view_id")&&(e=_ezaq.page_view_id),e},__ez.dot.getURL=function(e){return("undefined"!=typeof ezJsu&&1==ezJsu||"undefined"!=typeof _ez_sa&&1==_ez_sa||"undefined"!=typeof isAmp&&!0===isAmp||"undefined"!=typeof ezWp&&!0===ezWp)&&(e="//g.ezoic.net"+e),e},__ez.dot.isValid=function(e){for(var t=0;t<e.length;t++)if(e[t]instanceof __ezDotData==!1)return console.error("Invalid data. ",e[t]),!1;return!0},__ez.dot.isDefined=function(){for(var e=0;e<arguments.length;e++)if(null==arguments[e])return console.error("Argument not defined. ",arguments),!1;return!0},__ez.dot.isAnyDefined=function(){for(var e=!1,t=0;t<arguments.length;t++)null!=arguments[t]&&(e=!0);return 0==e&&console.error("isAnyDefined Arguments not defined. ",arguments),e},__ez.dot.getSlotIID=function(e){var t="0";try{var r=__ez.dot.getTargetingMap(e);if(-1===__ez.dot.getElementId(e).indexOf("div-gpt-ad"))return t;if(void 0!==r)for(var n in r)if(-1!==n.indexOf("iid")&&void 0!==r[n][0]){t=r[n][0];break}}catch(e){}return t},__ez.dot.getElementId=function(e){return void 0!==e.ElementId?e.ElementId:e.getSlotElementId()},__ez.dot.getAdUnitPath=function(e){return void 0!==e.AdUnitPath?e.AdUnitPath:e.getAdUnitPath()},__ez.dot.getSizes=function(e){return void 0!==e.Sizes?e.Sizes:e.getSizes()},__ez.dot.getTargeting=function(e,t){return void 0!==e.Targeting?e.Targeting[t]:e.getTargeting(t)[0]},__ez.dot.getTargetingMap=function(e){return void 0!==e.Targeting?e.Targeting:e.getTargetingMap()},__ez.dot.getAdUnit=function(e){return!0===__ez.template.isOrig?__ez.dot.getAdUnitPath(e).split("/").pop()+"|~ez~|"+__ez.dot.getElementId(e):__ez.dot.getElementId(e)};__ez.bit=function(){function c(a,b){d(a,b),e()}function d(b,c){__ez.dot.isDefined(b)&&__ez.dot.isValid(c)&&a.push({type:"pageview",pageview_id:b,domain_id:__ez.dot.getDID(),t_epoch:__ez.dot.getEpoch(0),data:__ez.dot.dataToStr(c)})}function e(){void 0!==document.visibilityState&&"prerender"===document.visibilityState||(__ez.dot.isDefined(a)&&a.length>0&&((new Image).src=__ez.dot.getURL(b)+"?orig="+(!0===__ez.template.isOrig?1:0)+"&ds="+btoa(JSON.stringify(a))),a=[])}var a=[],b="/detroitchicago/greenoaks.gif";return{Add:d,AddAndFire:c,Fire:e}}();</script><script data-ezscrex='false' data-cfasync='false' data-pagespeed-no-defer>__ez.pel=function(){var u=[],i="/porpoiseant/army.gif";function t(e,i,t,_,d,o,n){if(__ez.dot.isDefined(e)&&0!=__ez.dot.isAnyDefined(e.getSlotElementId,e.ElementId)){var r=parseInt(__ez.dot.getTargeting(e,"ap")),a=__ez.dot.getSlotIID(e),s=__ez.dot.getAdUnit(e),p=parseInt(__ez.dot.getTargeting(e,"compid")),z=0,f=0,g=function(e){if("undefined"==typeof _ezim_d)return!1;var i=__ez.dot.getAdUnitPath(e).split("/").pop();if("object"==typeof _ezim_d&&_ezim_d.hasOwnProperty(i))return _ezim_d[i];for(var t in _ezim_d)if(t.split("/").pop()===i)return _ezim_d[t];return!1}(e);"object"==typeof g&&(void 0!==g.creative_id&&(f=g.creative_id),void 0!==g.line_item_id&&(z=g.line_item_id)),__ez.dot.isDefined(a,s)&&__ez.dot.isValid(i)&&u.push({type:"impression",impression_id:a,domain_id:__ez.dot.getDID(),unit:s,t_epoch:__ez.dot.getEpoch(0),revenue:t,est_revenue:_,ad_position:r,ad_size:"",bid_floor_filled:d,bid_floor_prev:o,stat_source_id:n,country_code:__ez.dot.getCC(),pageview_id:__ez.dot.getPageviewId(),comp_id:p,line_item_id:z,creative_id:f,data:__ez.dot.dataToStr(i)})}}function _(){if(void 0===document.visibilityState||"prerender"!==document.visibilityState){if(__ez.dot.isDefined(u)&&0<u.length){var e=__ez.dot.getURL(i)+"?orig="+(!0===__ez.template.isOrig?1:0)+"&sts="+btoa(JSON.stringify(u));void 0!==window.isAmp&&isAmp&&void 0!==window._ezaq&&_ezaq.hasOwnProperty("domain_id")&&(e+="&visit_uuid="+_ezaq.visit_uuid),(new Image).src=e}u=[]}}return{Add:t,AddAndFire:function(e,i){t(e,i,0,0,0,0,0),_()},AddById:function(e,i){var t=e.split("/");if(__ez.dot.isDefined(e)&&3===t.length&&__ez.dot.isValid(i)){var _=t[0],d=t[2];u.push({type:"impression",impression_id:d,domain_id:__ez.dot.getDID(),unit:_,t_epoch:__ez.dot.getEpoch(0),pageview_id:__ez.dot.getPageviewId(),data:__ez.dot.dataToStr(i)})}},Fire:_,GetPixels:function(){return u}}}();var EzoicPixel=function(){this.pixels=[],this.pixelUrl="/ezoic/e.gif",("undefined"!=typeof ezJsu&&!0===ezJsu||"undefined"!=typeof _ez_sa&&!0===_ez_sa||void 0!==window.isAmp&&!0===isAmp||"undefined"!=typeof ezWp&&!0===ezWp)&&(this.pixelUrl="//g.ezoic.net"+this.pixelUrl),this.tEpoch=0,"undefined"!=typeof _ezaq&&_ezaq.hasOwnProperty("t_epoch")&&(this.tEpoch=_ezaq.t_epoch)},EzoicPixelData=function(e,i){this.name=e,this.val=i};EzoicPixel.prototype={constructor:EzoicPixel,AddAndFireImpPixel:function(e,i){this.AddImpPixel(e,i,0,0,0,0,0),this.FirePixels()},AddAndFirePVPixel:function(e,i){this.AddPVPixel(e,i),this.FirePixels()},AddImpPixel:function(e,i,t,n,o,a,d){if(0!=__ez.dot.isDefined(e)&&0!=__ez.dot.isAnyDefined(e.getSlotElementId,e.ElementId)){var s=parseInt(__ez.dot.getTargeting(e,"ap")),r=__ez.dot.getSizes(e)[0],_=r.l.toString()+"x"+r.j.toString(),p="0",l="XX";"undefined"!=typeof _ezaq&&_ezaq.hasOwnProperty("domain_id")&&(p=_ezaq.domain_id.toString()),"undefined"!=typeof _ezaq&&_ezaq.hasOwnProperty("country")&&(l=_ezaq.country);var h=__ez.dot.getSlotIID(e),c=__ez.dot.getSlotElementId(e);__ez.dot.isDefined(h,c)&&this.validateData(i)&&(i=this.convertDataToStr(i),this.pixels.push({type:"impression",impression_id:h,domain_id:p,unit:c,t_epoch:this.tEpoch,revenue:t,est_revenue:n,ad_position:s,ad_size:_,bid_floor_filled:o,bid_floor_prev:a,stat_source_id:d,country_code:l,data:i}))}},AddImpPixelById:function(e,i){var t="0";"undefined"!=typeof _ezaq&&_ezaq.hasOwnProperty("domain_id")&&(t=_ezaq.domain_id.toString());var n=e.split("/");if(__ez.dot.isDefined(e)&&3===n.length&&this.validateData(i)){var o=n[0],a=n[2];i=this.convertDataToStr(i),this.pixels.push({type:"impression",impression_id:a,domain_id:t,unit:o,t_epoch:this.tEpoch,data:i})}},AddPVPixel:function(e,i){var t="0";"undefined"!=typeof _ezaq&&_ezaq.hasOwnProperty("domain_id")&&(t=_ezaq.domain_id.toString()),__ez.dot.isDefined(e)&&this.validateData(i)&&(i=this.convertDataToStr(i),this.pixels.push({type:"pageview",pageview_id:e,domain_id:t,t_epoch:this.tEpoch,data:i}))},FirePixels:function(){void 0!==document.visibilityState&&"prerender"===document.visibilityState||(__ez.dot.isDefined(this.pixels)&&0<this.pixels.length&&((new Image).src=this.pixelUrl+"?orig="+(!0===__ez.template.isOrig?1:0)+"&pixels="+encodeURIComponent(JSON.stringify(this.pixels))),this.pixels=[])},NewData:function(e,i){return new EzoicPixelData(e,i)},convertDataToStr:function(e){if(void 0===e)return[];try{for(var i in e)e[i].val=e[i].val+""}catch(e){}return e},validateData:function(e){for(var i=0;i<e.length;i++)if(e[i]instanceof EzoicPixelData==!1)return console.error("Invalid pixelData. ",e[i]),!1;return!0}};</script>
<script data-ezscrex="false" data-cfasync="false">(function(){if("function"===typeof window.CustomEvent)return!1;window.CustomEvent=function(c,a){a=a||{bubbles:!1,cancelable:!1,detail:null};var b=document.createEvent("CustomEvent");b.initCustomEvent(c,a.bubbles,a.cancelable,a.detail);return b}})();</script><script data-ezscrex="false" data-cfasync="false">window.requestIdleCallback=window.requestIdleCallback||function(b){var a=Date.now();return setTimeout(function(){b({didTimeout:!1,timeRemaining:function(){return Math.max(0,50-(Date.now()-a))}})},1)};
(function(){function b(c,d){for(var f=[],g=0;g<c;g++){for(var h=g*d*Math.random(),k=!0,l=2;l<=Math.sqrt(h);++l)if(0===h%l){k=!1;break}k&&f.push(h)}return f}function a(){var c=this;c.g=0;setInterval(function(){c.g++},1E3)}if("1"==window.ihajsdjhsadhjk){var e=new a;b(6,e);window.ihajsdjhsadhjk=null;window.doezifk="1"}"1"==window.doezifk&&(b(50,1E9),pointlessComputationsButton.disabled=!1,window.doezifk=null,window.ihajsdjhsadhjk="1");if("function"===typeof window.EzoIvent)return!1;window.EzoIvent=function(c,
d){d=d||{bubbles:!1,cancelable:!1,detail:null};var f=document.createEvent("EzoIvent");f.initCustomEvent(c,d.bubbles,d.cancelable,d.detail);return f}})();__ez.a=[];__ez.a[0]=0;__ez.a[1]=45;__ez.a[2]=[];__ez.a[3]=0;__ez.a[4]=1;__ez.a[5]=[];
_findOverlappingQuietPeriods=function(b,a){var e=a.slice(),c=b.slice();e.shift();c.shift();var d=[];e.forEach(function(f){c.forEach(function(g){f.start>=g.start?g.end>=f.start+55&&d.push({b:f,i:g,h:a,j:b,f:Math.min(f.duration,g.duration)}):f.end>=g.start+55&&d.push({b:f,i:g,h:a,j:b,f:Math.min(f.duration,g.duration)})})});if(0<d.length)return d};var m=0;
_findNetworkQuietPeriods=function(b,a,e){0==m&&(m=a-1);a=[];for(var c in b){var d=b[c];0>d.end&&(d.end=99);a.push({time:d.start,c:!0});0<d.end&&a.push({time:d.end,c:!1})}a.sort(function(k,l){return k.time-l.time});var f=0,g=m,h=[];a.forEach(function(k){k.c?(f===__ez.a[4]&&h.push({start:g,end:k.time,duration:k.time-g}),f++):(f--,f===__ez.a[4]&&(g=k.time))});f<=__ez.a[4]&&h.push({start:g,end:e,duration:e-g});return h};
(function(){if("undefined"!=typeof window.__ez.ssaf&&-1<window.__ez.ssaf.indexOf(19)){var b=window.setInterval;window.setInterval=function(a,e){var c=e;90>c&&56!=c&&(c=90);return 3>arguments.length?b(a,c):b(a.bind(window,Array.prototype.slice.call(arguments).slice(3)),c)}}})();
(function(){if("undefined"!=typeof window.__ez.ssaf&&-1<window.__ez.ssaf.indexOf(19)){var b=window.setTimeout;window.setTimeout=function(a,e){var c=e;90>c&&(c=90);return 3>arguments.length?b(a,c):b(a.bind(window,Array.prototype.slice.call(arguments).slice(3)),c)}}})();
(function(){function b(){var e=new a;"undefined"!=typeof this.open?e.open=this.open:this.open=a.open;"undefined"!=typeof this.abort?e.abort=this.abort:this.open=a.open;"undefined"!=typeof this.getAllResponseHeaders?e.getAllResponseHeaders=this.getAllResponseHeaders:this.getAllResponseHeaders=a.getAllResponseHeaders;"undefined"!=typeof this.getResponseHeader?e.getResponseHeader=this.getResponseHeader:this.getResponseHeader=a.getResponseHeader;"undefined"!=typeof this.overrideMimeType?e.overrideMimeType=
this.overrideMimeType:this.overrideMimeType=a.overrideMimeType;"undefined"!=typeof this.setRequestHeader?e.setRequestHeader=this.setRequestHeader:this.setRequestHeader=a.setRequestHeader;var c=Math.random();e.addEventListener("loadstart",function(d){window.ezorqs(d,c)});e.addEventListener("loadend",function(d){window.ezorqe(d,c)});e.addEventListener("error",function(d){window.ezorqe(d,c)});e.addEventListener("abort",function(d){window.ezorqe(d,c)});return e}var a=window.XMLHttpRequest;b.prototype=
a.prototype;window.XMLHttpRequest=b})();window.ezoFetchConst=window.fetch;window.fetch=function(b){var a=arguments,e=this,c=Math.random();window.ezorqs(b,c);return new Promise(function(d,f){window.ezoFetchConst.apply(e,a).then(function(g){window.ezorqe(g,c);d(g)})["catch"](function(g){window.ezorqe(g,c);f(g)})})};
document.addEventListener("DOMContentLoaded",function(){window.ezodomstart=Date.now();if("requestIdleCallback"in window){var b=0;window.ezoIint=setInterval(function(){window.requestIdleCallback(function(a){var e=Date.now();a=a.timeRemaining();a<Date.now()&&(a>__ez.a[1]?0==b&&(b=e):0!=b&&(a={start:b,end:e-(50-a)},a.duration=a.end-a.start,55<=a.duration&&(__ez.a[5].push(a),window.ezocfol(e)),b=0))})},56)}else window.dispatchEvent(new CustomEvent("EzoIvent",{detail:[-1,-1]})),clearInterval(window.ezoIint)});
"undefined"!=typeof window.__ez.ssaf&&-1<window.__ez.ssaf.indexOf(16)&&(window.addEventListener("load",function(){window.__ez__w_load=!0}),window.addEventListener("DOMContentLoaded",function(){window.__ez__w_dom=!0}),"undefined"!==typeof window.__ez.sshsdef&&!1===window.__ez.sshsdef&&function(){if(Element.prototype.addEventListener){window.__ez__ael=window.addEventListener;window.__ez__ael__proto=window.__ez__ael.prototype;var b=function(){"domcontentloaded"==arguments[0].toLowerCase()?arguments[0]=
"EzoicDOMContentLoaded":"load"==arguments[0].toLowerCase()&&(arguments[0]="Ezoicload");window.__ez__ael.apply(window,arguments)};window.__ez__ael.prototype=window.__ez__ael__proto;window.addEventListener=b;document.addEventListener=b}}());window.ezorqs=function(b,a){indexKey=window.ezogetrqbykey(a);"undefined"==typeof indexKey&&(__ez.a[2].push({start:Date.now(),end:-1,id:a}),__ez.a[3]++,setTimeout(function(){window.ezorqe(b,a)},2E3))};
window.ezorqe=function(b,a,e){indexKey=window.ezogetrqbykey(a);"undefined"!=typeof indexKey&&-1==__ez.a[2][indexKey].end?(__ez.a[2][indexKey].end=Date.now(),__ez.a[3]--):1==e&&__ez.a[3]--};
window.ezocfol=function(b){b=_findNetworkQuietPeriods(__ez.a[2],window.ezodomstart,b);b=_findOverlappingQuietPeriods(b,__ez.a[5]);if("undefined"!=typeof b){var a=0,e=Math.max(b[b.length-1].b.end,b[b.length-1].b.end);b.forEach(function(c){a+=Math.floor(c.f/55)});(a>=__ez.sswp&&1<a||10<=a||e<Date.now()-5E3)&&clearInterval(window.ezoIint);__ez.a[0]=a;window.dispatchEvent(new CustomEvent("EzoIvent",{detail:[__ez.a[0],50]}))}};
window.ezogetrqbykey=function(b){for(var a=0,e=__ez.a[2].length;a<e;a++)if(__ez.a[2][a].id==b)return a};__ez.nap=__ez.a;</script>
        <title>Page Not Found</title>
        <style>
            body{
                margin:0;
                padding:30px;
                font:12px/1.5 Helvetica,Arial,Verdana,sans-serif;
            }
            h1{
                margin:0;
                font-size:48px;
                font-weight:normal;
                line-height:48px;
            }
            strong{
                display:inline-block;
                width:65px;
            }
        </style>
    
<script data-ezscrex="false" data-cfasync="false" type="text/javascript">window.google_analytics_uacct = "UA-131129777-14";</script>
<script data-ezscrex="false" data-cfasync="false" type="text/javascript">
var _gaq = _gaq || [];
_gaq.push(['e._setAccount', 'UA-131129777-14']);
_gaq.push(['f._setAccount', 'UA-38339005-1']);
_gaq.push(['e._setDomainName', 'restapiexample.com']);
_gaq.push(['f._setDomainName', 'restapiexample.com']);
_gaq.push(['e._setCustomVar',1,'template','pub_site_noads',3]);
_gaq.push(['e._setCustomVar',2,'t','147',3]);
_gaq.push(['e._setCustomVar',3,'rid','0',2]);
_gaq.push(['e._setCustomVar',4,'bra','mod88',3]);
_gaq.push(['e._setAllowAnchor',true]);
_gaq.push(['e._setSiteSpeedSampleRate', 10]);
_gaq.push(['f._setCustomVar',1,'template','pub_site_noads',3]);
_gaq.push(['f._setCustomVar',2,'domain','restapiexample.com',3]);
_gaq.push(['f._setSiteSpeedSampleRate', 20]);
_gaq.push(['e._trackPageview']);
_gaq.push(['f._trackPageview']);


(function() {
 var ga = document.createElement('script'); ga.type = 'text/javascript'; ga.async = true;
 ga.src = ('https:' == document.location.protocol ? 'https://ssl' : 'http://www') + '.google-analytics.com/ga.js';
 var s = document.getElementsByTagName('script')[0]; s.parentNode.insertBefore(ga, s);
})();
</script>
<script type="text/javascript">var ezouid = "1";</script><base href="http://dummy.restapiexample.com/api/v1?q=Bangaloree&appid=17e5c69afcef0f16365a6c3b0cba4400"><script type='text/javascript'>
var ezoTemplate = 'pub_site_noads';
if(typeof ezouid == 'undefined')
{
    var ezouid = 'none';
}
var ezoFormfactor = '1';
var ezo_elements_to_check = Array();
</script><!-- START EZHEAD -->
<script data-ezscrex="false" type='text/javascript'>
var soc_app_id = '0';
var did = 133674;
var ezdomain = 'restapiexample.com';
var ezoicSearchable = 1;
</script>
<!--{jquery}-->
<!-- END EZHEAD -->
<script data-ezscrex='false' data-pagespeed-no-defer data-cfasync='false' type='text/javascript' style='display:none'>
__ez.queue.addFile('__ezf_ezosuigeneris', '//g.ezoic.net/ezosuigeneris.js', true, [], true, false, false, false);
var __ez_ezosuigenerisEvt = function() { if(typeof(ezosuigeneris) != 'undefined'){__ez.bit.AddAndFire(_ezaq['page_view_id'], [(new __ezDotData('universal_user_id', ezosuigeneris))]); }};
__ez.queue.addFunc('__ez_ezosuigenerisEvt', '__ez_ezosuigenerisEvt', null, false, ['__ezf_ezosuigeneris'], false, false, false, false);</script><script data-ezscrex='false' data-pagespeed-no-defer data-cfasync='false' type='text/javascript' style='display:none'>__ez.queue.addFile('__ezf_ezosuigenerisc', '//g.ezoic.net/ezosuigenerisc.js?nogen=1', true, [], true, false, false, false);</script>
<script data-ezscrex='false' data-pagespeed-no-defer data-cfasync='false'>
function create_ezolpl() {
    var d = new Date();
    d.setTime(d.getTime() + (365*24*60*60*1000));
    var expires = "expires="+d.toUTCString();
    __ez.ck.setByCat("ezux_lpl_133674=" + new Date().getTime() + "|d1670b08-e8c9-4b72-75c6-cbf9e76e0094; " + expires, 3);
}
function attach_ezolpl() {
    if(window.attachEvent) {
        window.attachEvent('onload', create_ezolpl);
    } else {
        if(window.onload) {
            var curronload = window.onload;
            var newonload = function(evt) {
                curronload(evt);
                create_ezolpl();
            };
            window.onload = newonload;
        } else {
            window.onload = create_ezolpl;
        }
    }
}
attach_ezolpl();
</script></head>
    <body>
        <h1>Page Not Found</h1>
        <p>
            The page you are looking for could not be found. Check the address bar
            to ensure your URL is spelled correctly. If all else fails, you can
            visit our home page at the link below.
        </p>
        <a href='http://dummy.restapiexample.com/'>Visit the Home Page</a>
    <script type="text/javascript" style='display:none;'>
var __ez_dims = (function() {
var setCookie = function( name, content, expiry ) {
return document.cookie = name+'='+content+((expiry)?';expires='+(new Date(Math.floor(new Date().getTime()+expiry*1000)).toUTCString()):'')+';path=/';
};
var ffid = 1;
var oh = window.screen.height;
var ow = window.screen.width;
var h = ffid === 1 ? oh : (oh > ow) ? oh : ow;
var w = ffid === 1 ? ow : (oh > ow) ? ow : oh;
var uh = window.innerHeight || document.documentElement.clientHeight || document.getElementsByTagName('body')[0].clientHeight;
var uw = window.innerWidth || document.documentElement.clientWidth || document.getElementsByTagName('body')[0].clientWidth;
setCookie('ezds', encodeURIComponent('ffid='+ffid+',w='+w+',h='+h), (31536e3*7));
setCookie('ezohw', encodeURIComponent('w='+uw+',h='+uh), (31536e3*7));
})();
</script><script type='text/javascript' style='display:none;' async>
__ez.queue.addFile('edmonton.php', '/detroitchicago/edmonton.webp?a=a&cb=188-3&shcb=32', true, [], true, false, false, false);
__ez.queue.addFile('jellyfish.php', '/porpoiseant/jellyfish.webp?a=a&cb=188-3&shcb=32', false, [], true, false, false, false);
</script>

<script type='text/javascript' data-cfasync='false'>(function(){function b(e,c){for(var d=0;d<c.length;d++){var f=c[d];if(0==f.complete||"undefined"!=typeof f.readyState&&4>f.readyState){var g=f.getAttribute("src")||f.currentSrc;"undefined"!=typeof f.readyState&&0==f.readyState?f.addEventListener("loadstart",function(h){var k=h.getAttribute("src")||h.currentSrc;window.ezorqs(h,k)}):(g=f.getAttribute("src")||f.currentSrc,window.ezorqs(f,g));f.addEventListener("load",function(h){var k=h.currentTarget.getAttribute("src")||h.srcElement.currentSrc;window.ezorqe(h,
k)});f.addEventListener("loadeddata",function(h){var k=h.currentTarget.getAttribute("src")||h.srcElement.currentSrc;window.ezorqe(h,k)});f.addEventListener("error",function(h){var k=h.currentTarget.getAttribute("src")||h.srcElement.currentSrc;window.ezorqe(h,k)})}}}function a(e){for(var c=0;c<document.styleSheets.length;c++)if(document.styleSheets[c].href==e)return!0;return!1}b("img",document.querySelectorAll("img"));b("video",document.querySelectorAll("video"));b("audio",document.querySelectorAll("audio"));
(function(e){for(var c=0;c<e.length;c++){var d=e[c];if(("preload"==d.getAttribute("rel")||"stylesheet"==d.getAttribute("rel"))&&null!=d.getAttribute("href")&&a(d.getAttribute("href"))){window.ezorqs(d,d.getAttribute("href"));var f=document.createElement("img");f.onerror=function(g){"undefined"!=typeof g.path&&"undefined"!=typeof g.path[0].currentSrc?window.ezorqe(d,g.path[0].currentSrc):"undefined"!=typeof g.srcElement&&"undefined"!=typeof g.srcElement.href&&window.ezorqe(d,g.srcElement.href)};f.src=
d.getAttribute("href")}}})(document.querySelectorAll("link"));"undefined"!=typeof window.__ez.ssaf&&-1<window.__ez.ssaf.indexOf(16)&&"undefined"!==typeof window.__ez.sshsdef&&!1===window.__ez.sshsdef&&Element.prototype.addEventListener&&("function"==typeof window.onload&&(window.addEventListener("load",window.onload),window.onload=null),"function"==typeof document.onload&&(document.addEventListener.addEventListener("load",document.onload),document.onload=null))})();</script></body>
</html>]]>
    </line>
    <line>
      <![CDATA[Status code is verified for Invalida data]]>
    </line>
    <line>
      <![CDATA[Status code is verified with invalid data]]>
    </line>
    <line>
      <![CDATA[Response is: {"coord":{"lon":77.22,"lat":28.67},"weather":[{"id":721,"main":"Haze","description":"haze","icon":"50d"}],"base":"stations","main":{"temp":291.65,"feels_like":288.42,"temp_min":290.93,"temp_max":292.15,"pressure":1014,"humidity":37},"visibility":4000,"wind":{"speed":2.6,"deg":260,"gust":7.7},"clouds":{"all":40},"dt":1579856326,"sys":{"type":1,"id":9165,"country":"IN","sunrise":1579830187,"sunset":1579868553},"timezone":19800,"id":1273294,"name":"Delhi","cod":200}]]>
    </line>
    <line>
      <![CDATA[Verified Success code Successfully]]>
    </line>
    <line>
      <![CDATA[Country name is verified= IN]]>
    </line>
    <line>
      <![CDATA[Verified Success code Successfully]]>
    </line>
    <line>
      <![CDATA[Country name is verified= IN]]>
    </line>
  </reporter-output>
  <suite name="Suite" duration-ms="18900" started-at="2020-01-24T14:40:14 IST" finished-at="2020-01-24T14:40:33 IST">
    <groups>
    </groups>
    <test name="Test" duration-ms="18900" started-at="2020-01-24T14:40:14 IST" finished-at="2020-01-24T14:40:33 IST">
      <class name="com.netcracker.Telus.ShoppingCart">
        <test-method status="FAIL" signature="setupBaseURI()[pri:0, instance:com.netcracker.Telus.ShoppingCart@6737fd8f]" name="setupBaseURI" is-config="true" duration-ms="0" started-at="2020-01-24T14:40:32 IST" finished-at="2020-01-24T14:40:32 IST">
          <exception class="java.lang.NullPointerException">
            <full-stacktrace>
              <![CDATA[java.lang.NullPointerException
at com.restapi.genricLib.BaseClass.setupBaseURI(BaseClass.java:76)
at sun.reflect.NativeMethodAccessorImpl.invoke0(Native Method)
at sun.reflect.NativeMethodAccessorImpl.invoke(Unknown Source)
at sun.reflect.DelegatingMethodAccessorImpl.invoke(Unknown Source)
at java.lang.reflect.Method.invoke(Unknown Source)
at org.testng.internal.MethodInvocationHelper.invokeMethod(MethodInvocationHelper.java:133)
at org.testng.internal.MethodInvocationHelper.invokeMethodConsideringTimeout(MethodInvocationHelper.java:62)
at org.testng.internal.ConfigInvoker.invokeConfigurationMethod(ConfigInvoker.java:340)
at org.testng.internal.ConfigInvoker.invokeConfigurations(ConfigInvoker.java:294)
at org.testng.internal.TestInvoker.runConfigMethods(TestInvoker.java:683)
at org.testng.internal.TestInvoker.invokeMethod(TestInvoker.java:510)
at org.testng.internal.TestInvoker.invokeTestMethod(TestInvoker.java:172)
at org.testng.internal.MethodRunner.runInSequence(MethodRunner.java:46)
at org.testng.internal.TestInvoker$MethodInvocationAgent.invoke(TestInvoker.java:804)
at org.testng.internal.TestInvoker.invokeTestMethods(TestInvoker.java:145)
at org.testng.internal.TestMethodWorker.invokeTestMethods(TestMethodWorker.java:146)
at org.testng.internal.TestMethodWorker.run(TestMethodWorker.java:128)
at java.util.ArrayList.forEach(Unknown Source)
at org.testng.TestRunner.privateRun(TestRunner.java:770)
at org.testng.TestRunner.run(TestRunner.java:591)
at org.testng.SuiteRunner.runTest(SuiteRunner.java:402)
at org.testng.SuiteRunner.runSequentially(SuiteRunner.java:396)
at org.testng.SuiteRunner.privateRun(SuiteRunner.java:355)
at org.testng.SuiteRunner.run(SuiteRunner.java:304)
at org.testng.SuiteRunnerWorker.runSuite(SuiteRunnerWorker.java:53)
at org.testng.SuiteRunnerWorker.run(SuiteRunnerWorker.java:96)
at org.testng.TestNG.runSuitesSequentially(TestNG.java:1180)
at org.testng.TestNG.runSuitesLocally(TestNG.java:1102)
at org.testng.TestNG.runSuites(TestNG.java:1032)
at org.testng.TestNG.run(TestNG.java:1000)
at org.testng.remote.AbstractRemoteTestNG.run(AbstractRemoteTestNG.java:115)
at org.testng.remote.RemoteTestNG.initAndRun(RemoteTestNG.java:251)
at org.testng.remote.RemoteTestNG.main(RemoteTestNG.java:77)
]]>
            </full-stacktrace>
          </exception> <!-- java.lang.NullPointerException -->
          <reporter-output>
          </reporter-output>
        </test-method> <!-- setupBaseURI -->
        <test-method status="SKIP" signature="createShoppingCart()[pri:0, instance:com.netcracker.Telus.ShoppingCart@6737fd8f]" name="createShoppingCart" duration-ms="0" started-at="2020-01-24T14:40:32 IST" finished-at="2020-01-24T14:40:32 IST">
          <exception class="java.lang.NullPointerException">
            <full-stacktrace>
              <![CDATA[java.lang.NullPointerException
at com.restapi.genricLib.BaseClass.setupBaseURI(BaseClass.java:76)
at sun.reflect.NativeMethodAccessorImpl.invoke0(Native Method)
at sun.reflect.NativeMethodAccessorImpl.invoke(Unknown Source)
at sun.reflect.DelegatingMethodAccessorImpl.invoke(Unknown Source)
at java.lang.reflect.Method.invoke(Unknown Source)
at org.testng.internal.MethodInvocationHelper.invokeMethod(MethodInvocationHelper.java:133)
at org.testng.internal.MethodInvocationHelper.invokeMethodConsideringTimeout(MethodInvocationHelper.java:62)
at org.testng.internal.ConfigInvoker.invokeConfigurationMethod(ConfigInvoker.java:340)
at org.testng.internal.ConfigInvoker.invokeConfigurations(ConfigInvoker.java:294)
at org.testng.internal.TestInvoker.runConfigMethods(TestInvoker.java:683)
at org.testng.internal.TestInvoker.invokeMethod(TestInvoker.java:510)
at org.testng.internal.TestInvoker.invokeTestMethod(TestInvoker.java:172)
at org.testng.internal.MethodRunner.runInSequence(MethodRunner.java:46)
at org.testng.internal.TestInvoker$MethodInvocationAgent.invoke(TestInvoker.java:804)
at org.testng.internal.TestInvoker.invokeTestMethods(TestInvoker.java:145)
at org.testng.internal.TestMethodWorker.invokeTestMethods(TestMethodWorker.java:146)
at org.testng.internal.TestMethodWorker.run(TestMethodWorker.java:128)
at java.util.ArrayList.forEach(Unknown Source)
at org.testng.TestRunner.privateRun(TestRunner.java:770)
at org.testng.TestRunner.run(TestRunner.java:591)
at org.testng.SuiteRunner.runTest(SuiteRunner.java:402)
at org.testng.SuiteRunner.runSequentially(SuiteRunner.java:396)
at org.testng.SuiteRunner.privateRun(SuiteRunner.java:355)
at org.testng.SuiteRunner.run(SuiteRunner.java:304)
at org.testng.SuiteRunnerWorker.runSuite(SuiteRunnerWorker.java:53)
at org.testng.SuiteRunnerWorker.run(SuiteRunnerWorker.java:96)
at org.testng.TestNG.runSuitesSequentially(TestNG.java:1180)
at org.testng.TestNG.runSuitesLocally(TestNG.java:1102)
at org.testng.TestNG.runSuites(TestNG.java:1032)
at org.testng.TestNG.run(TestNG.java:1000)
at org.testng.remote.AbstractRemoteTestNG.run(AbstractRemoteTestNG.java:115)
at org.testng.remote.RemoteTestNG.initAndRun(RemoteTestNG.java:251)
at org.testng.remote.RemoteTestNG.main(RemoteTestNG.java:77)
]]>
            </full-stacktrace>
          </exception> <!-- java.lang.NullPointerException -->
          <reporter-output>
          </reporter-output>
        </test-method> <!-- createShoppingCart -->
        <test-method status="SKIP" signature="getResult(org.testng.ITestResult)[pri:0, instance:com.netcracker.Telus.ShoppingCart@6737fd8f]" name="getResult" is-config="true" duration-ms="-1579857032733" started-at="2020-01-24T14:40:32 IST" finished-at="1970-01-01T05:30:00 IST">
          <reporter-output>
          </reporter-output>
        </test-method> <!-- getResult -->
      </class> <!-- com.netcracker.Telus.ShoppingCart -->
      <class name="com.restAssured.testing.SimpleGetTest">
        <test-method status="PASS" signature="setupDataandReport(java.lang.String, java.lang.String)[pri:0, instance:com.restAssured.testing.SimpleGetTest@1efed156]" name="setupDataandReport" is-config="true" duration-ms="280" started-at="2020-01-24T14:40:14 IST" finished-at="2020-01-24T14:40:14 IST">
          <params>
            <param index="0">
              <value>
                <![CDATA[REST]]>
              </value>
            </param>
            <param index="1">
              <value>
                <![CDATA[RestAssured]]>
              </value>
            </param>
          </params>
          <reporter-output>
          </reporter-output>
        </test-method> <!-- setupDataandReport -->
        <test-method status="PASS" signature="setupBaseURI()[pri:0, instance:com.restAssured.testing.SimpleGetTest@1efed156]" name="setupBaseURI" is-config="true" duration-ms="603" started-at="2020-01-24T14:40:14 IST" finished-at="2020-01-24T14:40:15 IST">
          <reporter-output>
          </reporter-output>
        </test-method> <!-- setupBaseURI -->
        <test-method status="PASS" signature="PostRequestTestUsingBufferReader()[pri:0, instance:com.restAssured.testing.SimpleGetTest@1efed156]" name="PostRequestTestUsingBufferReader" duration-ms="3570" started-at="2020-01-24T14:40:15 IST" finished-at="2020-01-24T14:40:18 IST">
          <reporter-output>
          </reporter-output>
        </test-method> <!-- PostRequestTestUsingBufferReader -->
        <test-method status="PASS" signature="getResult(org.testng.ITestResult)[pri:0, instance:com.restAssured.testing.SimpleGetTest@1efed156]" name="getResult" is-config="true" duration-ms="4" started-at="2020-01-24T14:40:18 IST" finished-at="2020-01-24T14:40:18 IST">
          <params>
            <param index="0">
              <value>
                <![CDATA[[TestResult name=PostRequestTestUsingBufferReader status=SUCCESS method=SimpleGetTest.PostRequestTestUsingBufferReader()[pri:0, instance:com.restAssured.testing.SimpleGetTest@1efed156] output={null}]]]>
              </value>
            </param>
          </params>
          <reporter-output>
          </reporter-output>
        </test-method> <!-- getResult -->
        <test-method status="PASS" signature="setupBaseURI()[pri:0, instance:com.restAssured.testing.SimpleGetTest@1efed156]" name="setupBaseURI" is-config="true" duration-ms="4" started-at="2020-01-24T14:40:18 IST" finished-at="2020-01-24T14:40:18 IST">
          <reporter-output>
          </reporter-output>
        </test-method> <!-- setupBaseURI -->
        <test-method status="PASS" signature="PostRequestTestUsingJSON()[pri:0, instance:com.restAssured.testing.SimpleGetTest@1efed156]" name="PostRequestTestUsingJSON" duration-ms="2021" started-at="2020-01-24T14:40:18 IST" finished-at="2020-01-24T14:40:20 IST">
          <reporter-output>
          </reporter-output>
        </test-method> <!-- PostRequestTestUsingJSON -->
        <test-method status="PASS" signature="setupBaseURI()[pri:0, instance:com.restAssured.testing.SimpleGetTest@1efed156]" name="setupBaseURI" is-config="true" duration-ms="0" started-at="2020-01-24T14:40:20 IST" finished-at="2020-01-24T14:40:20 IST">
          <reporter-output>
          </reporter-output>
        </test-method> <!-- setupBaseURI -->
        <test-method status="PASS" signature="getResult(org.testng.ITestResult)[pri:0, instance:com.restAssured.testing.SimpleGetTest@1efed156]" name="getResult" is-config="true" duration-ms="0" started-at="2020-01-24T14:40:20 IST" finished-at="2020-01-24T14:40:20 IST">
          <params>
            <param index="0">
              <value>
                <![CDATA[[TestResult name=PostRequestTestUsingJSON status=SUCCESS method=SimpleGetTest.PostRequestTestUsingJSON()[pri:0, instance:com.restAssured.testing.SimpleGetTest@1efed156] output={null}]]]>
              </value>
            </param>
          </params>
          <reporter-output>
          </reporter-output>
        </test-method> <!-- getResult -->
        <test-method status="PASS" signature="PostRequestTestUsingJSONwithLog()[pri:0, instance:com.restAssured.testing.SimpleGetTest@1efed156]" name="PostRequestTestUsingJSONwithLog" duration-ms="903" started-at="2020-01-24T14:40:20 IST" finished-at="2020-01-24T14:40:21 IST">
          <reporter-output>
          </reporter-output>
        </test-method> <!-- PostRequestTestUsingJSONwithLog -->
        <test-method status="PASS" signature="getResult(org.testng.ITestResult)[pri:0, instance:com.restAssured.testing.SimpleGetTest@1efed156]" name="getResult" is-config="true" duration-ms="4" started-at="2020-01-24T14:40:21 IST" finished-at="2020-01-24T14:40:21 IST">
          <params>
            <param index="0">
              <value>
                <![CDATA[[TestResult name=PostRequestTestUsingJSONwithLog status=SUCCESS method=SimpleGetTest.PostRequestTestUsingJSONwithLog()[pri:0, instance:com.restAssured.testing.SimpleGetTest@1efed156] output={null}]]]>
              </value>
            </param>
          </params>
          <reporter-output>
          </reporter-output>
        </test-method> <!-- getResult -->
        <test-method status="PASS" signature="setupBaseURI()[pri:0, instance:com.restAssured.testing.SimpleGetTest@1efed156]" name="setupBaseURI" is-config="true" duration-ms="4" started-at="2020-01-24T14:40:21 IST" finished-at="2020-01-24T14:40:21 IST">
          <reporter-output>
          </reporter-output>
        </test-method> <!-- setupBaseURI -->
        <test-method status="PASS" signature="PostRequestTestUsingPOJO()[pri:0, instance:com.restAssured.testing.SimpleGetTest@1efed156]" name="PostRequestTestUsingPOJO" duration-ms="3250" started-at="2020-01-24T14:40:21 IST" finished-at="2020-01-24T14:40:25 IST">
          <reporter-output>
          </reporter-output>
        </test-method> <!-- PostRequestTestUsingPOJO -->
        <test-method status="PASS" signature="getResult(org.testng.ITestResult)[pri:0, instance:com.restAssured.testing.SimpleGetTest@1efed156]" name="getResult" is-config="true" duration-ms="0" started-at="2020-01-24T14:40:25 IST" finished-at="2020-01-24T14:40:25 IST">
          <params>
            <param index="0">
              <value>
                <![CDATA[[TestResult name=PostRequestTestUsingPOJO status=SUCCESS method=SimpleGetTest.PostRequestTestUsingPOJO()[pri:0, instance:com.restAssured.testing.SimpleGetTest@1efed156] output={null}]]]>
              </value>
            </param>
          </params>
          <reporter-output>
          </reporter-output>
        </test-method> <!-- getResult -->
        <test-method status="PASS" signature="PostRequestTestUsingString()[pri:0, instance:com.restAssured.testing.SimpleGetTest@1efed156]" name="PostRequestTestUsingString" duration-ms="818" started-at="2020-01-24T14:40:25 IST" finished-at="2020-01-24T14:40:25 IST">
          <reporter-output>
          </reporter-output>
        </test-method> <!-- PostRequestTestUsingString -->
        <test-method status="PASS" signature="setupBaseURI()[pri:0, instance:com.restAssured.testing.SimpleGetTest@1efed156]" name="setupBaseURI" is-config="true" duration-ms="0" started-at="2020-01-24T14:40:25 IST" finished-at="2020-01-24T14:40:25 IST">
          <reporter-output>
          </reporter-output>
        </test-method> <!-- setupBaseURI -->
        <test-method status="PASS" signature="setupBaseURI()[pri:0, instance:com.restAssured.testing.SimpleGetTest@1efed156]" name="setupBaseURI" is-config="true" duration-ms="0" started-at="2020-01-24T14:40:25 IST" finished-at="2020-01-24T14:40:25 IST">
          <reporter-output>
          </reporter-output>
        </test-method> <!-- setupBaseURI -->
        <test-method status="PASS" signature="getResult(org.testng.ITestResult)[pri:0, instance:com.restAssured.testing.SimpleGetTest@1efed156]" name="getResult" is-config="true" duration-ms="0" started-at="2020-01-24T14:40:25 IST" finished-at="2020-01-24T14:40:25 IST">
          <params>
            <param index="0">
              <value>
                <![CDATA[[TestResult name=PostRequestTestUsingString status=SUCCESS method=SimpleGetTest.PostRequestTestUsingString()[pri:0, instance:com.restAssured.testing.SimpleGetTest@1efed156] output={null}]]]>
              </value>
            </param>
          </params>
          <reporter-output>
          </reporter-output>
        </test-method> <!-- getResult -->
        <test-method status="FAIL" signature="createShoppingCart()[pri:0, instance:com.restAssured.testing.SimpleGetTest@1efed156]" name="createShoppingCart" duration-ms="352" started-at="2020-01-24T14:40:25 IST" finished-at="2020-01-24T14:40:26 IST">
          <exception class="org.apache.http.client.ClientProtocolException">
            <full-stacktrace>
              <![CDATA[org.apache.http.client.ClientProtocolException
at org.apache.http.impl.client.AbstractHttpClient.doExecute(AbstractHttpClient.java:839)
at org.apache.http.impl.client.CloseableHttpClient.execute(CloseableHttpClient.java:83)
at org.apache.http.impl.client.CloseableHttpClient.execute(CloseableHttpClient.java:56)
at org.apache.http.client.HttpClient$execute$0.call(Unknown Source)
at io.restassured.internal.RequestSpecificationImpl$RestAssuredHttpBuilder.doRequest(RequestSpecificationImpl.groovy:2146)
at io.restassured.internal.http.HTTPBuilder.post(HTTPBuilder.java:349)
at io.restassured.internal.http.HTTPBuilder$post$2.call(Unknown Source)
at io.restassured.internal.RequestSpecificationImpl.sendRequest(RequestSpecificationImpl.groovy:1274)
at sun.reflect.NativeMethodAccessorImpl.invoke0(Native Method)
at sun.reflect.NativeMethodAccessorImpl.invoke(Unknown Source)
at sun.reflect.DelegatingMethodAccessorImpl.invoke(Unknown Source)
at java.lang.reflect.Method.invoke(Unknown Source)
at org.codehaus.groovy.reflection.CachedMethod.invoke(CachedMethod.java:93)
at groovy.lang.MetaMethod.doMethodInvoke(MetaMethod.java:325)
at groovy.lang.MetaClassImpl.invokeMethod(MetaClassImpl.java:1210)
at groovy.lang.MetaClassImpl.invokeMethod(MetaClassImpl.java:1019)
at groovy.lang.MetaClassImpl.invokeMethod(MetaClassImpl.java:810)
at io.restassured.internal.RequestSpecificationImpl.invokeMethod(RequestSpecificationImpl.groovy)
at org.codehaus.groovy.runtime.callsite.PogoInterceptableSite.call(PogoInterceptableSite.java:48)
at org.codehaus.groovy.runtime.callsite.AbstractCallSite.call(AbstractCallSite.java:149)
at io.restassured.internal.filter.SendRequestFilter.filter(SendRequestFilter.groovy:30)
at io.restassured.filter.Filter$filter$0.call(Unknown Source)
at org.codehaus.groovy.runtime.callsite.CallSiteArray.defaultCall(CallSiteArray.java:48)
at io.restassured.filter.Filter$filter.call(Unknown Source)
at io.restassured.internal.filter.FilterContextImpl.next(FilterContextImpl.groovy:72)
at io.restassured.filter.time.TimingFilter.filter(TimingFilter.java:56)
at io.restassured.filter.Filter$filter.call(Unknown Source)
at org.codehaus.groovy.runtime.callsite.CallSiteArray.defaultCall(CallSiteArray.java:48)
at io.restassured.filter.Filter$filter$0.call(Unknown Source)
at io.restassured.internal.filter.FilterContextImpl.next(FilterContextImpl.groovy:72)
at io.restassured.filter.FilterContext$next.call(Unknown Source)
at io.restassured.internal.RequestSpecificationImpl.applyPathParamsAndSendRequest(RequestSpecificationImpl.groovy:1749)
at sun.reflect.NativeMethodAccessorImpl.invoke0(Native Method)
at sun.reflect.NativeMethodAccessorImpl.invoke(Unknown Source)
at sun.reflect.DelegatingMethodAccessorImpl.invoke(Unknown Source)
at java.lang.reflect.Method.invoke(Unknown Source)
at org.codehaus.groovy.reflection.CachedMethod.invoke(CachedMethod.java:93)
at groovy.lang.MetaMethod.doMethodInvoke(MetaMethod.java:325)
at groovy.lang.MetaClassImpl.invokeMethod(MetaClassImpl.java:1210)
at groovy.lang.MetaClassImpl.invokeMethod(MetaClassImpl.java:1019)
at groovy.lang.MetaClassImpl.invokeMethod(MetaClassImpl.java:810)
at io.restassured.internal.RequestSpecificationImpl.invokeMethod(RequestSpecificationImpl.groovy)
at org.codehaus.groovy.runtime.callsite.PogoInterceptableSite.call(PogoInterceptableSite.java:48)
at org.codehaus.groovy.runtime.callsite.PogoInterceptableSite.callCurrent(PogoInterceptableSite.java:58)
at org.codehaus.groovy.runtime.callsite.AbstractCallSite.callCurrent(AbstractCallSite.java:182)
at io.restassured.internal.RequestSpecificationImpl.applyPathParamsAndSendRequest(RequestSpecificationImpl.groovy:1755)
at sun.reflect.NativeMethodAccessorImpl.invoke0(Native Method)
at sun.reflect.NativeMethodAccessorImpl.invoke(Unknown Source)
at sun.reflect.DelegatingMethodAccessorImpl.invoke(Unknown Source)
at java.lang.reflect.Method.invoke(Unknown Source)
at org.codehaus.groovy.reflection.CachedMethod.invoke(CachedMethod.java:93)
at groovy.lang.MetaMethod.doMethodInvoke(MetaMethod.java:325)
at groovy.lang.MetaClassImpl.invokeMethod(MetaClassImpl.java:1210)
at groovy.lang.MetaClassImpl.invokeMethod(MetaClassImpl.java:1019)
at groovy.lang.MetaClassImpl.invokeMethod(MetaClassImpl.java:810)
at io.restassured.internal.RequestSpecificationImpl.invokeMethod(RequestSpecificationImpl.groovy)
at org.codehaus.groovy.runtime.callsite.PogoInterceptableSite.call(PogoInterceptableSite.java:48)
at org.codehaus.groovy.runtime.callsite.PogoInterceptableSite.callCurrent(PogoInterceptableSite.java:58)
at org.codehaus.groovy.runtime.callsite.AbstractCallSite.callCurrent(AbstractCallSite.java:182)
at io.restassured.internal.RequestSpecificationImpl.post(RequestSpecificationImpl.groovy:175)
at io.restassured.internal.RequestSpecificationImpl.post(RequestSpecificationImpl.groovy)
at sun.reflect.NativeMethodAccessorImpl.invoke0(Native Method)
at sun.reflect.NativeMethodAccessorImpl.invoke(Unknown Source)
at sun.reflect.DelegatingMethodAccessorImpl.invoke(Unknown Source)
at java.lang.reflect.Method.invoke(Unknown Source)
at org.codehaus.groovy.reflection.CachedMethod.invoke(CachedMethod.java:93)
at groovy.lang.MetaMethod.doMethodInvoke(MetaMethod.java:325)
at groovy.lang.MetaClassImpl.invokeMethod(MetaClassImpl.java:1210)
at groovy.lang.MetaClassImpl.invokeMethod(MetaClassImpl.java:1019)
at groovy.lang.MetaClassImpl.invokeMethod(MetaClassImpl.java:810)
at io.restassured.internal.RequestSpecificationImpl.invokeMethod(RequestSpecificationImpl.groovy)
at org.codehaus.groovy.runtime.callsite.PogoInterceptableSite.call(PogoInterceptableSite.java:48)
at org.codehaus.groovy.runtime.callsite.PogoInterceptableSite.callCurrent(PogoInterceptableSite.java:58)
at org.codehaus.groovy.runtime.callsite.CallSiteArray.defaultCallCurrent(CallSiteArray.java:52)
at org.codehaus.groovy.runtime.callsite.AbstractCallSite.callCurrent(AbstractCallSite.java:154)
at org.codehaus.groovy.runtime.callsite.AbstractCallSite.callCurrent(AbstractCallSite.java:166)
at io.restassured.internal.RequestSpecificationImpl.post(RequestSpecificationImpl.groovy:259)
at io.restassured.internal.RequestSpecificationImpl.post(RequestSpecificationImpl.groovy)
at com.restAssured.testing.SimpleGetTest.createShoppingCart(SimpleGetTest.java:403)
at sun.reflect.NativeMethodAccessorImpl.invoke0(Native Method)
at sun.reflect.NativeMethodAccessorImpl.invoke(Unknown Source)
at sun.reflect.DelegatingMethodAccessorImpl.invoke(Unknown Source)
at java.lang.reflect.Method.invoke(Unknown Source)
at org.testng.internal.MethodInvocationHelper.invokeMethod(MethodInvocationHelper.java:133)
at org.testng.internal.TestInvoker.invokeMethod(TestInvoker.java:584)
at org.testng.internal.TestInvoker.invokeTestMethod(TestInvoker.java:172)
at org.testng.internal.MethodRunner.runInSequence(MethodRunner.java:46)
at org.testng.internal.TestInvoker$MethodInvocationAgent.invoke(TestInvoker.java:804)
at org.testng.internal.TestInvoker.invokeTestMethods(TestInvoker.java:145)
at org.testng.internal.TestMethodWorker.invokeTestMethods(TestMethodWorker.java:146)
at org.testng.internal.TestMethodWorker.run(TestMethodWorker.java:128)
at java.util.ArrayList.forEach(Unknown Source)
at org.testng.TestRunner.privateRun(TestRunner.java:770)
at org.testng.TestRunner.run(TestRunner.java:591)
at org.testng.SuiteRunner.runTest(SuiteRunner.java:402)
at org.testng.SuiteRunner.runSequentially(SuiteRunner.java:396)
at org.testng.SuiteRunner.privateRun(SuiteRunner.java:355)
at org.testng.SuiteRunner.run(SuiteRunner.java:304)
at org.testng.SuiteRunnerWorker.runSuite(SuiteRunnerWorker.java:53)
at org.testng.SuiteRunnerWorker.run(SuiteRunnerWorker.java:96)
at org.testng.TestNG.runSuitesSequentially(TestNG.java:1180)
at org.testng.TestNG.runSuitesLocally(TestNG.java:1102)
at org.testng.TestNG.runSuites(TestNG.java:1032)
at org.testng.TestNG.run(TestNG.java:1000)
at org.testng.remote.AbstractRemoteTestNG.run(AbstractRemoteTestNG.java:115)
at org.testng.remote.RemoteTestNG.initAndRun(RemoteTestNG.java:251)
at org.testng.remote.RemoteTestNG.main(RemoteTestNG.java:77)
Caused by: org.apache.http.ProtocolException: Content-Length header already present
at org.apache.http.protocol.RequestContent.process(RequestContent.java:97)
at org.apache.http.protocol.ImmutableHttpProcessor.process(ImmutableHttpProcessor.java:133)
at org.apache.http.protocol.HttpRequestExecutor.preProcess(HttpRequestExecutor.java:167)
at org.apache.http.impl.client.DefaultRequestDirector.execute(DefaultRequestDirector.java:479)
at org.apache.http.impl.client.AbstractHttpClient.doExecute(AbstractHttpClient.java:835)
... 106 more
]]>
            </full-stacktrace>
          </exception> <!-- org.apache.http.client.ClientProtocolException -->
          <reporter-output>
          </reporter-output>
        </test-method> <!-- createShoppingCart -->
        <test-method status="PASS" signature="getResult(org.testng.ITestResult)[pri:0, instance:com.restAssured.testing.SimpleGetTest@1efed156]" name="getResult" is-config="true" duration-ms="8" started-at="2020-01-24T14:40:26 IST" finished-at="2020-01-24T14:40:26 IST">
          <params>
            <param index="0">
              <value>
                <![CDATA[[TestResult name=createShoppingCart status=FAILURE method=SimpleGetTest.createShoppingCart()[pri:0, instance:com.restAssured.testing.SimpleGetTest@1efed156] output={null}]]]>
              </value>
            </param>
          </params>
          <reporter-output>
          </reporter-output>
        </test-method> <!-- getResult -->
        <test-method status="PASS" signature="getWheatherInfo()[pri:0, instance:com.restAssured.testing.SimpleGetTest@1efed156]" name="getWheatherInfo" duration-ms="1934" started-at="2020-01-24T14:40:26 IST" finished-at="2020-01-24T14:40:28 IST">
          <reporter-output>
            <line>
              <![CDATA[Delhi]]>
            </line>
            <line>
              <![CDATA[17e5c69afcef0f16365a6c3b0cba4400]]>
            </line>
            <line>
              <![CDATA[Response is= {"coord":{"lon":77.22,"lat":28.67},"weather":[{"id":721,"main":"Haze","description":"haze","icon":"50d"}],"base":"stations","main":{"temp":291.65,"feels_like":288.42,"temp_min":290.93,"temp_max":292.15,"pressure":1014,"humidity":37},"visibility":4000,"wind":{"speed":2.6,"deg":260,"gust":7.7},"clouds":{"all":40},"dt":1579856326,"sys":{"type":1,"id":9165,"country":"IN","sunrise":1579830187,"sunset":1579868553},"timezone":19800,"id":1273294,"name":"Delhi","cod":200}]]>
            </line>
            <line>
              <![CDATA[Verified the status code successfully]]>
            </line>
            <line>
              <![CDATA[Contect Type is = application/json; charset=utf-8]]>
            </line>
            <line>
              <![CDATA[Content type verified]]>
            </line>
            <line>
              <![CDATA[Country code verifed successfully]]>
            </line>
            <line>
              <![CDATA[Country code verifed successfully]]>
            </line>
          </reporter-output>
        </test-method> <!-- getWheatherInfo -->
        <test-method status="PASS" signature="setupBaseURI()[pri:0, instance:com.restAssured.testing.SimpleGetTest@1efed156]" name="setupBaseURI" is-config="true" duration-ms="0" started-at="2020-01-24T14:40:26 IST" finished-at="2020-01-24T14:40:26 IST">
          <reporter-output>
          </reporter-output>
        </test-method> <!-- setupBaseURI -->
        <test-method status="PASS" signature="setupBaseURI()[pri:0, instance:com.restAssured.testing.SimpleGetTest@1efed156]" name="setupBaseURI" is-config="true" duration-ms="0" started-at="2020-01-24T14:40:28 IST" finished-at="2020-01-24T14:40:28 IST">
          <reporter-output>
          </reporter-output>
        </test-method> <!-- setupBaseURI -->
        <test-method status="PASS" signature="getResult(org.testng.ITestResult)[pri:0, instance:com.restAssured.testing.SimpleGetTest@1efed156]" name="getResult" is-config="true" duration-ms="0" started-at="2020-01-24T14:40:28 IST" finished-at="2020-01-24T14:40:28 IST">
          <params>
            <param index="0">
              <value>
                <![CDATA[[TestResult name=getWheatherInfo status=SUCCESS method=SimpleGetTest.getWheatherInfo()[pri:0, instance:com.restAssured.testing.SimpleGetTest@1efed156] output=Delhi]]]>
              </value>
            </param>
          </params>
          <reporter-output>
          </reporter-output>
        </test-method> <!-- getResult -->
        <test-method status="FAIL" signature="getWheatherInfoBangaloreWithInvalidData()[pri:0, instance:com.restAssured.testing.SimpleGetTest@1efed156]" name="getWheatherInfoBangaloreWithInvalidData" duration-ms="900" started-at="2020-01-24T14:40:28 IST" finished-at="2020-01-24T14:40:29 IST">
          <exception class="java.lang.AssertionError">
            <message>
              <![CDATA[1 expectation failed.
Expected content-type "JSON" doesn't match actual content-type "text/html;charset=UTF-8".
]]>
            </message>
            <full-stacktrace>
              <![CDATA[java.lang.AssertionError: 1 expectation failed.
Expected content-type "JSON" doesn't match actual content-type "text/html;charset=UTF-8".

at sun.reflect.NativeConstructorAccessorImpl.newInstance0(Native Method)
at sun.reflect.NativeConstructorAccessorImpl.newInstance(Unknown Source)
at sun.reflect.DelegatingConstructorAccessorImpl.newInstance(Unknown Source)
at java.lang.reflect.Constructor.newInstance(Unknown Source)
at org.codehaus.groovy.reflection.CachedConstructor.invoke(CachedConstructor.java:80)
at org.codehaus.groovy.reflection.CachedConstructor.doConstructorInvoke(CachedConstructor.java:74)
at org.codehaus.groovy.runtime.callsite.ConstructorSite$ConstructorSiteNoUnwrap.callConstructor(ConstructorSite.java:84)
at org.codehaus.groovy.runtime.callsite.CallSiteArray.defaultCallConstructor(CallSiteArray.java:60)
at org.codehaus.groovy.runtime.callsite.AbstractCallSite.callConstructor(AbstractCallSite.java:235)
at org.codehaus.groovy.runtime.callsite.AbstractCallSite.callConstructor(AbstractCallSite.java:247)
at io.restassured.internal.ResponseSpecificationImpl$HamcrestAssertionClosure.validate(ResponseSpecificationImpl.groovy:494)
at io.restassured.internal.ResponseSpecificationImpl$HamcrestAssertionClosure$validate$1.call(Unknown Source)
at io.restassured.internal.ResponseSpecificationImpl.validateResponseIfRequired(ResponseSpecificationImpl.groovy:656)
at sun.reflect.NativeMethodAccessorImpl.invoke0(Native Method)
at sun.reflect.NativeMethodAccessorImpl.invoke(Unknown Source)
at sun.reflect.DelegatingMethodAccessorImpl.invoke(Unknown Source)
at java.lang.reflect.Method.invoke(Unknown Source)
at org.codehaus.groovy.runtime.callsite.PogoMetaMethodSite$PogoCachedMethodSiteNoUnwrapNoCoerce.invoke(PogoMetaMethodSite.java:210)
at org.codehaus.groovy.runtime.callsite.PogoMetaMethodSite.callCurrent(PogoMetaMethodSite.java:59)
at org.codehaus.groovy.runtime.callsite.CallSiteArray.defaultCallCurrent(CallSiteArray.java:52)
at org.codehaus.groovy.runtime.callsite.AbstractCallSite.callCurrent(AbstractCallSite.java:154)
at org.codehaus.groovy.runtime.callsite.AbstractCallSite.callCurrent(AbstractCallSite.java:166)
at io.restassured.internal.ResponseSpecificationImpl.contentType(ResponseSpecificationImpl.groovy:422)
at io.restassured.internal.ValidatableResponseOptionsImpl.contentType(ValidatableResponseOptionsImpl.java:250)
at com.restAssured.testing.SimpleGetTest.getWheatherInfoBangaloreWithInvalidData(SimpleGetTest.java:182)
at sun.reflect.NativeMethodAccessorImpl.invoke0(Native Method)
at sun.reflect.NativeMethodAccessorImpl.invoke(Unknown Source)
at sun.reflect.DelegatingMethodAccessorImpl.invoke(Unknown Source)
at java.lang.reflect.Method.invoke(Unknown Source)
at org.testng.internal.MethodInvocationHelper.invokeMethod(MethodInvocationHelper.java:133)
at org.testng.internal.TestInvoker.invokeMethod(TestInvoker.java:584)
at org.testng.internal.TestInvoker.invokeTestMethod(TestInvoker.java:172)
at org.testng.internal.MethodRunner.runInSequence(MethodRunner.java:46)
at org.testng.internal.TestInvoker$MethodInvocationAgent.invoke(TestInvoker.java:804)
at org.testng.internal.TestInvoker.invokeTestMethods(TestInvoker.java:145)
at org.testng.internal.TestMethodWorker.invokeTestMethods(TestMethodWorker.java:146)
at org.testng.internal.TestMethodWorker.run(TestMethodWorker.java:128)
at java.util.ArrayList.forEach(Unknown Source)
at org.testng.TestRunner.privateRun(TestRunner.java:770)
at org.testng.TestRunner.run(TestRunner.java:591)
at org.testng.SuiteRunner.runTest(SuiteRunner.java:402)
at org.testng.SuiteRunner.runSequentially(SuiteRunner.java:396)
at org.testng.SuiteRunner.privateRun(SuiteRunner.java:355)
at org.testng.SuiteRunner.run(SuiteRunner.java:304)
at org.testng.SuiteRunnerWorker.runSuite(SuiteRunnerWorker.java:53)
at org.testng.SuiteRunnerWorker.run(SuiteRunnerWorker.java:96)
at org.testng.TestNG.runSuitesSequentially(TestNG.java:1180)
at org.testng.TestNG.runSuitesLocally(TestNG.java:1102)
at org.testng.TestNG.runSuites(TestNG.java:1032)
at org.testng.TestNG.run(TestNG.java:1000)
at org.testng.remote.AbstractRemoteTestNG.run(AbstractRemoteTestNG.java:115)
at org.testng.remote.RemoteTestNG.initAndRun(RemoteTestNG.java:251)
at org.testng.remote.RemoteTestNG.main(RemoteTestNG.java:77)
]]>
            </full-stacktrace>
          </exception> <!-- java.lang.AssertionError -->
          <reporter-output>
            <line>
              <![CDATA[Response for invalid data= <html>
    <head><script data-ezscrex="false" type="text/javascript" data-cfasync="false">var _ezaq = {"ad_cache_level":0,"ad_location_ids":"","ad_transform_level":0,"adx_ad_count":0,"bidder_version":3,"city":"Bengaluru","country":"IN","days_since_last_visit":-1,"display_ad_count":0,"domain_id":133674,"ds_adsize_opt_id":-1,"engaged_time_visit":0,"ezcache_level":1,"forensiq_score":-1,"form_factor_id":1,"framework_id":1,"has_bad_image":0,"has_bad_words":0,"iab_category":"","is_from_recommended_pages":false,"is_return_visitor":false,"is_sitespeed":0,"last_page_load":"","last_pageview_id":"","lt_cache_level":0,"max_ads":0,"metro_code":0,"page_ad_positions":"","page_view_count":0,"page_view_id":"d1670b08-e8c9-4b72-75c6-cbf9e76e0094","position_selection_id":0,"postal_code":"560002","pv_event_count":0,"response_time_orig":728,"serverid":"13.127.238.167:10859","state":"KA","sub_page_ad_positions":"","t_epoch":1579857028,"template_id":0,"time_on_site_visit":0,"url":"http://dummy.restapiexample.com/api/v1?q=Bangaloree\u0026appid=17e5c69afcef0f16365a6c3b0cba4400","user_id":0,"word_count":0,"worst_bad_word_level":0};var _ezim_d = null;var _ezat = {"domain_id":133674,"form_factor_id":1,"framework_id":1,"pageview_date":"2020-01-24","pageview_id":"d1670b08-e8c9-4b72-75c6-cbf9e76e0094","template_id":0,"url":"http://dummy.restapiexample.com/api/v1?q=Bangaloree\u0026appid=17e5c69afcef0f16365a6c3b0cba4400","visit_uuid":"0c794063-1a4d-4c26-4599-e72d1429f624"};</script><script data-ezscrex='false' data-pagespeed-no-defer data-cfasync='false' type="text/javascript">__ez.queue.addFile('banger.js', '/porpoiseant/banger.js?cb=188-3&bv=91&v=30&PageSpeed=off', true, [], true, false, false, true);</script>
<script data-ezscrex='false' data-cfasync='false' data-pagespeed-no-defer>var __ez=__ez||{};__ez.stms=Date.now();__ez.evt={};__ez.script={};__ez.ck={};__ez.template={};__ez.template.isOrig=false;__ez.evt.add=function(e,t,n){e.addEventListener?e.addEventListener(t,n,!1):e.attachEvent?e.attachEvent("on"+t,n):e["on"+t]=n()},__ez.evt.remove=function(e,t,n){e.removeEventListener?e.removeEventListener(t,n,!1):e.detachEvent?e.detachEvent("on"+t,n):delete e["on"+t]};__ez.ck.get=function(e,n){null!==n&&(e=e+"_"+n);for(var o=e+"=",t=decodeURIComponent(document.cookie).split(";"),i=0;i<t.length;i++){for(var c=t[i];" "===c.charAt(0);)c=c.substring(1);if(0===c.indexOf(o))return c.substring(o.length,c.length)}return""},__ez.ck.setByCat=function(e,n){if(-1===e.indexOf("path=")&&(e+="; path=/"),"undefined"!=typeof cmpIsOn){if(null!=n){var o=__ez.ck.get("ezCMPCookieConsent",null);-1!==(o=o.substring(1,o.length)).indexOf(n+"=1")?document.cookie=e:""===o&&"undefined"!=typeof cmpCookies&&(void 0===cmpCookies[n]&&(cmpCookies[n]=[]),cmpCookies[n].push(e))}}else document.cookie=e};__ez.queue=function(){var e=0,i=0,n=[],t=!1,r=[],o=[],s=!0,a={func:function(e,i,t,r,o,s,a){var l=this;this.name=e,this.funcName=i,this.parameters=null===t?null:t instanceof Array?t:[t],this.isBlock=r,this.blockedBy=o,this.deleteWhenComplete=s,this.isError=!1,this.isComplete=!1,this.isInitialized=!1,this.proceedIfError=a,this.isTimeDelay=!1,this.process=function(){d("... func = "+e),l.isInitialized=!0,l.isComplete=!0,d("... func.apply: "+e);var i=l.funcName.split("."),t=null;i.length>3||(t=3===i.length?window[i[0]][i[1]][i[2]]:2===i.length?window[i[0]][i[1]]:window[l.funcName]),null!=t&&t.apply(null,this.parameters),!0===l.deleteWhenComplete&&delete n[e],!0===l.isBlock&&(d("----- F'D: "+l.name),f())}},file:function(e,i,n,t,r,o,s){var a=this;this.name=e,this.path=i,this.async=r,this.defer=o,this.isBlock=n,this.blockedBy=t,this.isInitialized=!1,this.isError=!1,this.isComplete=!1,this.proceedIfError=s,this.isTimeDelay=!1,this.process=function(){a.isInitialized=!0,d("... file = "+e);var n=document.createElement("script");n.src=i,!0===r?n.async=!0:!0===o&&(n.defer=!0),n.onerror=function(){d("----- ERR'D: "+a.name),a.isError=!0,!0===a.isBlock&&f()},n.onreadystatechange=n.onload=function(){var e=n.readyState;d("----- F'D: "+a.name),e&&!/loaded|complete/.test(e)||(a.isComplete=!0,!0===a.isBlock&&f())},document.getElementsByTagName("head")[0].appendChild(n)}}};function l(e){!0!==c(e)&&0!=s&&e.process()}function c(e){if(!0===e.isTimeDelay&&!1===t)return d(e.name+" blocked = TIME DELAY!"),!0;if(e.blockedBy instanceof Array)for(var i=0;i<e.blockedBy.length;i++){var r=e.blockedBy[i];if(!1===n.hasOwnProperty(r))return d(e.name+" blocked = "+r),!0;if(!0===e.proceedIfError&&!0===n[r].isError)return!1;if(!1===n[r].isComplete)return d(e.name+" blocked = "+r),!0}return!1}function d(e){var i=window.location.href,n=new RegExp("[?&]ezq=([^&#]*)","i").exec(i);"1"===(n?n[1]:null)&&console.debug(e)}function f(){++e>200||(d("let's go"),u(r),u(o))}function u(e){for(var i in e)if(!1!==e.hasOwnProperty(i)){var n=e[i];!0===n.isComplete||c(n)||!0===n.isInitialized||!0===n.isError?!0===n.isError?d(n.name+": error"):!0===n.isComplete?d(n.name+": complete already"):!0===n.isInitialized&&d(n.name+": initialized already"):n.process()}}return window.addEventListener("load",function(){setTimeout(function(){t=!0,d("TDELAY -----"),f()},5e3)},!1),{addFile:function(e,i,t,s,c,d,f,u){var h=new a.file(e,i,t,s,c,d,f);!0===u?r[e]=h:o[e]=h,n[e]=h,l(h)},addDelayFile:function(e,i){var t=new a.file(e,i,!1,[],!1,!1,!0);t.isTimeDelay=!0,d(e+" ...  FILE! TDELAY"),o[e]=t,n[e]=t,l(t)},addFunc:function(e,t,s,c,d,f,u,h,m){!0===f&&(e=e+"_"+i++);var p=new a.func(e,t,s,c,d,u,h);!0===m?r[e]=p:o[e]=p,n[e]=p,l(p)},addDelayFunc:function(e,i,t){var r=new a.func(e,i,t,!1,[],!0,!0);r.isTimeDelay=!0,d(e+" ...  FUNCTION! TDELAY"),o[e]=r,n[e]=r,l(r)},items:n,processAll:f,setallowLoad:function(e){s=e}}}();__ez.script.add=function(e){var t=document.createElement("script");t.src=e,t.async=!0,t.type="text/javascript",document.getElementsByTagName("head")[0].appendChild(t)};__ez.dot={};var __ezDotData=function(e,t){"string"!=typeof e&&2==e.length&&(t=e[1],e=e[0]),this.name=e,this.val=t};__ez.dot.b64={_keyStr:"ABCDEFGHIJKLMNOPQRSTUVWXYZabcdefghijklmnopqrstuvwxyz0123456789+/=",encode:function(e){var t,r,n,o,i,d,a,_="",f=0;for(e=Base64._utf8_encode(e);f<e.length;)o=(t=e.charCodeAt(f++))>>2,i=(3&t)<<4|(r=e.charCodeAt(f++))>>4,d=(15&r)<<2|(n=e.charCodeAt(f++))>>6,a=63&n,isNaN(r)?d=a=64:isNaN(n)&&(a=64),_=_+this._keyStr.charAt(o)+this._keyStr.charAt(i)+this._keyStr.charAt(d)+this._keyStr.charAt(a);return _},decode:function(e){var t,r,n,o,i,d,a="",_=0;for(e=e.replace(/[^A-Za-z0-9+/=]/g,"");_<e.length;)t=this._keyStr.indexOf(e.charAt(_++))<<2|(o=this._keyStr.indexOf(e.charAt(_++)))>>4,r=(15&o)<<4|(i=this._keyStr.indexOf(e.charAt(_++)))>>2,n=(3&i)<<6|(d=this._keyStr.indexOf(e.charAt(_++))),a+=String.fromCharCode(t),64!=i&&(a+=String.fromCharCode(r)),64!=d&&(a+=String.fromCharCode(n));return a=Base64._utf8_decode(a)},_utf8_encode:function(e){e=e.replace(/rn/g,"n");for(var t="",r=0;r<e.length;r++){var n=e.charCodeAt(r);n<128?t+=String.fromCharCode(n):(127<n&&n<2048?t+=String.fromCharCode(n>>6|192):(t+=String.fromCharCode(n>>12|224),t+=String.fromCharCode(n>>6&63|128)),t+=String.fromCharCode(63&n|128))}return t},_utf8_decode:function(e){for(var t="",r=0,n=c1=c2=0;r<e.length;)(n=e.charCodeAt(r))<128?(t+=String.fromCharCode(n),r++):191<n&&n<224?(c2=e.charCodeAt(r+1),t+=String.fromCharCode((31&n)<<6|63&c2),r+=2):(c2=e.charCodeAt(r+1),c3=e.charCodeAt(r+2),t+=String.fromCharCode((15&n)<<12|(63&c2)<<6|63&c3),r+=3);return t}},__ez.dot.dataToStr=function(e){if(void 0===e)return[];try{for(var t in e)e[t].val=e[t].val+""}catch(e){}return e},__ez.dot.getCC=function(){var e="XX";return"undefined"!=typeof _ezaq&&_ezaq.hasOwnProperty("country")&&(e=_ezaq.country),e},__ez.dot.getDID=function(){var e="0";return"undefined"!=typeof _ezaq&&_ezaq.hasOwnProperty("domain_id")&&(e=_ezaq.domain_id.toString()),e},__ez.dot.getEpoch=function(e){return"undefined"!=typeof _ezaq&&_ezaq.hasOwnProperty("t_epoch")&&(e=_ezaq.t_epoch),e},__ez.dot.getPageviewId=function(){var e="";return"undefined"!=typeof _ezaq&&_ezaq.hasOwnProperty("page_view_id")&&(e=_ezaq.page_view_id),e},__ez.dot.getURL=function(e){return("undefined"!=typeof ezJsu&&1==ezJsu||"undefined"!=typeof _ez_sa&&1==_ez_sa||"undefined"!=typeof isAmp&&!0===isAmp||"undefined"!=typeof ezWp&&!0===ezWp)&&(e="//g.ezoic.net"+e),e},__ez.dot.isValid=function(e){for(var t=0;t<e.length;t++)if(e[t]instanceof __ezDotData==!1)return console.error("Invalid data. ",e[t]),!1;return!0},__ez.dot.isDefined=function(){for(var e=0;e<arguments.length;e++)if(null==arguments[e])return console.error("Argument not defined. ",arguments),!1;return!0},__ez.dot.isAnyDefined=function(){for(var e=!1,t=0;t<arguments.length;t++)null!=arguments[t]&&(e=!0);return 0==e&&console.error("isAnyDefined Arguments not defined. ",arguments),e},__ez.dot.getSlotIID=function(e){var t="0";try{var r=__ez.dot.getTargetingMap(e);if(-1===__ez.dot.getElementId(e).indexOf("div-gpt-ad"))return t;if(void 0!==r)for(var n in r)if(-1!==n.indexOf("iid")&&void 0!==r[n][0]){t=r[n][0];break}}catch(e){}return t},__ez.dot.getElementId=function(e){return void 0!==e.ElementId?e.ElementId:e.getSlotElementId()},__ez.dot.getAdUnitPath=function(e){return void 0!==e.AdUnitPath?e.AdUnitPath:e.getAdUnitPath()},__ez.dot.getSizes=function(e){return void 0!==e.Sizes?e.Sizes:e.getSizes()},__ez.dot.getTargeting=function(e,t){return void 0!==e.Targeting?e.Targeting[t]:e.getTargeting(t)[0]},__ez.dot.getTargetingMap=function(e){return void 0!==e.Targeting?e.Targeting:e.getTargetingMap()},__ez.dot.getAdUnit=function(e){return!0===__ez.template.isOrig?__ez.dot.getAdUnitPath(e).split("/").pop()+"|~ez~|"+__ez.dot.getElementId(e):__ez.dot.getElementId(e)};__ez.bit=function(){function c(a,b){d(a,b),e()}function d(b,c){__ez.dot.isDefined(b)&&__ez.dot.isValid(c)&&a.push({type:"pageview",pageview_id:b,domain_id:__ez.dot.getDID(),t_epoch:__ez.dot.getEpoch(0),data:__ez.dot.dataToStr(c)})}function e(){void 0!==document.visibilityState&&"prerender"===document.visibilityState||(__ez.dot.isDefined(a)&&a.length>0&&((new Image).src=__ez.dot.getURL(b)+"?orig="+(!0===__ez.template.isOrig?1:0)+"&ds="+btoa(JSON.stringify(a))),a=[])}var a=[],b="/detroitchicago/greenoaks.gif";return{Add:d,AddAndFire:c,Fire:e}}();</script><script data-ezscrex='false' data-cfasync='false' data-pagespeed-no-defer>__ez.pel=function(){var u=[],i="/porpoiseant/army.gif";function t(e,i,t,_,d,o,n){if(__ez.dot.isDefined(e)&&0!=__ez.dot.isAnyDefined(e.getSlotElementId,e.ElementId)){var r=parseInt(__ez.dot.getTargeting(e,"ap")),a=__ez.dot.getSlotIID(e),s=__ez.dot.getAdUnit(e),p=parseInt(__ez.dot.getTargeting(e,"compid")),z=0,f=0,g=function(e){if("undefined"==typeof _ezim_d)return!1;var i=__ez.dot.getAdUnitPath(e).split("/").pop();if("object"==typeof _ezim_d&&_ezim_d.hasOwnProperty(i))return _ezim_d[i];for(var t in _ezim_d)if(t.split("/").pop()===i)return _ezim_d[t];return!1}(e);"object"==typeof g&&(void 0!==g.creative_id&&(f=g.creative_id),void 0!==g.line_item_id&&(z=g.line_item_id)),__ez.dot.isDefined(a,s)&&__ez.dot.isValid(i)&&u.push({type:"impression",impression_id:a,domain_id:__ez.dot.getDID(),unit:s,t_epoch:__ez.dot.getEpoch(0),revenue:t,est_revenue:_,ad_position:r,ad_size:"",bid_floor_filled:d,bid_floor_prev:o,stat_source_id:n,country_code:__ez.dot.getCC(),pageview_id:__ez.dot.getPageviewId(),comp_id:p,line_item_id:z,creative_id:f,data:__ez.dot.dataToStr(i)})}}function _(){if(void 0===document.visibilityState||"prerender"!==document.visibilityState){if(__ez.dot.isDefined(u)&&0<u.length){var e=__ez.dot.getURL(i)+"?orig="+(!0===__ez.template.isOrig?1:0)+"&sts="+btoa(JSON.stringify(u));void 0!==window.isAmp&&isAmp&&void 0!==window._ezaq&&_ezaq.hasOwnProperty("domain_id")&&(e+="&visit_uuid="+_ezaq.visit_uuid),(new Image).src=e}u=[]}}return{Add:t,AddAndFire:function(e,i){t(e,i,0,0,0,0,0),_()},AddById:function(e,i){var t=e.split("/");if(__ez.dot.isDefined(e)&&3===t.length&&__ez.dot.isValid(i)){var _=t[0],d=t[2];u.push({type:"impression",impression_id:d,domain_id:__ez.dot.getDID(),unit:_,t_epoch:__ez.dot.getEpoch(0),pageview_id:__ez.dot.getPageviewId(),data:__ez.dot.dataToStr(i)})}},Fire:_,GetPixels:function(){return u}}}();var EzoicPixel=function(){this.pixels=[],this.pixelUrl="/ezoic/e.gif",("undefined"!=typeof ezJsu&&!0===ezJsu||"undefined"!=typeof _ez_sa&&!0===_ez_sa||void 0!==window.isAmp&&!0===isAmp||"undefined"!=typeof ezWp&&!0===ezWp)&&(this.pixelUrl="//g.ezoic.net"+this.pixelUrl),this.tEpoch=0,"undefined"!=typeof _ezaq&&_ezaq.hasOwnProperty("t_epoch")&&(this.tEpoch=_ezaq.t_epoch)},EzoicPixelData=function(e,i){this.name=e,this.val=i};EzoicPixel.prototype={constructor:EzoicPixel,AddAndFireImpPixel:function(e,i){this.AddImpPixel(e,i,0,0,0,0,0),this.FirePixels()},AddAndFirePVPixel:function(e,i){this.AddPVPixel(e,i),this.FirePixels()},AddImpPixel:function(e,i,t,n,o,a,d){if(0!=__ez.dot.isDefined(e)&&0!=__ez.dot.isAnyDefined(e.getSlotElementId,e.ElementId)){var s=parseInt(__ez.dot.getTargeting(e,"ap")),r=__ez.dot.getSizes(e)[0],_=r.l.toString()+"x"+r.j.toString(),p="0",l="XX";"undefined"!=typeof _ezaq&&_ezaq.hasOwnProperty("domain_id")&&(p=_ezaq.domain_id.toString()),"undefined"!=typeof _ezaq&&_ezaq.hasOwnProperty("country")&&(l=_ezaq.country);var h=__ez.dot.getSlotIID(e),c=__ez.dot.getSlotElementId(e);__ez.dot.isDefined(h,c)&&this.validateData(i)&&(i=this.convertDataToStr(i),this.pixels.push({type:"impression",impression_id:h,domain_id:p,unit:c,t_epoch:this.tEpoch,revenue:t,est_revenue:n,ad_position:s,ad_size:_,bid_floor_filled:o,bid_floor_prev:a,stat_source_id:d,country_code:l,data:i}))}},AddImpPixelById:function(e,i){var t="0";"undefined"!=typeof _ezaq&&_ezaq.hasOwnProperty("domain_id")&&(t=_ezaq.domain_id.toString());var n=e.split("/");if(__ez.dot.isDefined(e)&&3===n.length&&this.validateData(i)){var o=n[0],a=n[2];i=this.convertDataToStr(i),this.pixels.push({type:"impression",impression_id:a,domain_id:t,unit:o,t_epoch:this.tEpoch,data:i})}},AddPVPixel:function(e,i){var t="0";"undefined"!=typeof _ezaq&&_ezaq.hasOwnProperty("domain_id")&&(t=_ezaq.domain_id.toString()),__ez.dot.isDefined(e)&&this.validateData(i)&&(i=this.convertDataToStr(i),this.pixels.push({type:"pageview",pageview_id:e,domain_id:t,t_epoch:this.tEpoch,data:i}))},FirePixels:function(){void 0!==document.visibilityState&&"prerender"===document.visibilityState||(__ez.dot.isDefined(this.pixels)&&0<this.pixels.length&&((new Image).src=this.pixelUrl+"?orig="+(!0===__ez.template.isOrig?1:0)+"&pixels="+encodeURIComponent(JSON.stringify(this.pixels))),this.pixels=[])},NewData:function(e,i){return new EzoicPixelData(e,i)},convertDataToStr:function(e){if(void 0===e)return[];try{for(var i in e)e[i].val=e[i].val+""}catch(e){}return e},validateData:function(e){for(var i=0;i<e.length;i++)if(e[i]instanceof EzoicPixelData==!1)return console.error("Invalid pixelData. ",e[i]),!1;return!0}};</script>
<script data-ezscrex="false" data-cfasync="false">(function(){if("function"===typeof window.CustomEvent)return!1;window.CustomEvent=function(c,a){a=a||{bubbles:!1,cancelable:!1,detail:null};var b=document.createEvent("CustomEvent");b.initCustomEvent(c,a.bubbles,a.cancelable,a.detail);return b}})();</script><script data-ezscrex="false" data-cfasync="false">window.requestIdleCallback=window.requestIdleCallback||function(b){var a=Date.now();return setTimeout(function(){b({didTimeout:!1,timeRemaining:function(){return Math.max(0,50-(Date.now()-a))}})},1)};
(function(){function b(c,d){for(var f=[],g=0;g<c;g++){for(var h=g*d*Math.random(),k=!0,l=2;l<=Math.sqrt(h);++l)if(0===h%l){k=!1;break}k&&f.push(h)}return f}function a(){var c=this;c.g=0;setInterval(function(){c.g++},1E3)}if("1"==window.ihajsdjhsadhjk){var e=new a;b(6,e);window.ihajsdjhsadhjk=null;window.doezifk="1"}"1"==window.doezifk&&(b(50,1E9),pointlessComputationsButton.disabled=!1,window.doezifk=null,window.ihajsdjhsadhjk="1");if("function"===typeof window.EzoIvent)return!1;window.EzoIvent=function(c,
[...]
</html>]]]>
              </value>
            </param>
          </params>
          <reporter-output>
          </reporter-output>
        </test-method> <!-- getResult -->
        <test-method status="PASS" signature="getWheatherInfoOfBangaloreWithValidData()[pri:0, instance:com.restAssured.testing.SimpleGetTest@1efed156]" name="getWheatherInfoOfBangaloreWithValidData" duration-ms="763" started-at="2020-01-24T14:40:29 IST" finished-at="2020-01-24T14:40:29 IST">
          <reporter-output>
            <line>
              <![CDATA[Response is: {"coord":{"lon":77.22,"lat":28.67},"weather":[{"id":721,"main":"Haze","description":"haze","icon":"50d"}],"base":"stations","main":{"temp":291.65,"feels_like":288.42,"temp_min":290.93,"temp_max":292.15,"pressure":1014,"humidity":37},"visibility":4000,"wind":{"speed":2.6,"deg":260,"gust":7.7},"clouds":{"all":40},"dt":1579856326,"sys":{"type":1,"id":9165,"country":"IN","sunrise":1579830187,"sunset":1579868553},"timezone":19800,"id":1273294,"name":"Delhi","cod":200}]]>
            </line>
            <line>
              <![CDATA[Verified Success code Successfully]]>
            </line>
            <line>
              <![CDATA[Country name is verified= IN]]>
            </line>
          </reporter-output>
        </test-method> <!-- getWheatherInfoOfBangaloreWithValidData -->
        <test-method status="PASS" signature="setupBaseURI()[pri:0, instance:com.restAssured.testing.SimpleGetTest@1efed156]" name="setupBaseURI" is-config="true" duration-ms="0" started-at="2020-01-24T14:40:29 IST" finished-at="2020-01-24T14:40:29 IST">
          <reporter-output>
          </reporter-output>
        </test-method> <!-- setupBaseURI -->
        <test-method status="PASS" signature="setupBaseURI()[pri:0, instance:com.restAssured.testing.SimpleGetTest@1efed156]" name="setupBaseURI" is-config="true" duration-ms="0" started-at="2020-01-24T14:40:29 IST" finished-at="2020-01-24T14:40:29 IST">
          <reporter-output>
          </reporter-output>
        </test-method> <!-- setupBaseURI -->
        <test-method status="PASS" signature="getResult(org.testng.ITestResult)[pri:0, instance:com.restAssured.testing.SimpleGetTest@1efed156]" name="getResult" is-config="true" duration-ms="0" started-at="2020-01-24T14:40:29 IST" finished-at="2020-01-24T14:40:29 IST">
          <params>
            <param index="0">
              <value>
                <![CDATA[[TestResult name=getWheatherInfoOfBangaloreWithValidData status=SUCCESS method=SimpleGetTest.getWheatherInfoOfBangaloreWithValidData()[pri:0, instance:com.restAssured.testing.SimpleGetTest@1efed156] output=Response is: {"coord":{"lon":77.22,"lat":28.67},"weather":[{"id":721,"main":"Haze","description":"haze","icon":"50d"}],"base":"stations","main":{"temp":291.65,"feels_like":288.42,"temp_min":290.93,"temp_max":292.15,"pressure":1014,"humidity":37},"visibility":4000,"wind":{"speed":2.6,"deg":260,"gust":7.7},"clouds":{"all":40},"dt":1579856326,"sys":{"type":1,"id":9165,"country":"IN","sunrise":1579830187,"sunset":1579868553},"timezone":19800,"id":1273294,"name":"Delhi","cod":200}]]]>
              </value>
            </param>
          </params>
          <reporter-output>
          </reporter-output>
        </test-method> <!-- getResult -->
        <test-method status="PASS" signature="testAPI()[pri:0, instance:com.restAssured.testing.SimpleGetTest@1efed156]" name="testAPI" duration-ms="381" started-at="2020-01-24T14:40:29 IST" finished-at="2020-01-24T14:40:30 IST">
          <reporter-output>
            <line>
              <![CDATA[Verified Success code Successfully]]>
            </line>
            <line>
              <![CDATA[Country name is verified= IN]]>
            </line>
          </reporter-output>
        </test-method> <!-- testAPI -->
        <test-method status="PASS" signature="getResult(org.testng.ITestResult)[pri:0, instance:com.restAssured.testing.SimpleGetTest@1efed156]" name="getResult" is-config="true" duration-ms="1" started-at="2020-01-24T14:40:30 IST" finished-at="2020-01-24T14:40:30 IST">
          <params>
            <param index="0">
              <value>
                <![CDATA[[TestResult name=testAPI status=SUCCESS method=SimpleGetTest.testAPI()[pri:0, instance:com.restAssured.testing.SimpleGetTest@1efed156] output=Verified Success code Successfully]]]>
              </value>
            </param>
          </params>
          <reporter-output>
          </reporter-output>
        </test-method> <!-- getResult -->
        <test-method status="PASS" signature="testSOAPService()[pri:0, instance:com.restAssured.testing.SimpleGetTest@1efed156]" name="testSOAPService" duration-ms="1103" started-at="2020-01-24T14:40:30 IST" finished-at="2020-01-24T14:40:31 IST">
          <reporter-output>
          </reporter-output>
        </test-method> <!-- testSOAPService -->
        <test-method status="PASS" signature="setupBaseURI()[pri:0, instance:com.restAssured.testing.SimpleGetTest@1efed156]" name="setupBaseURI" is-config="true" duration-ms="0" started-at="2020-01-24T14:40:30 IST" finished-at="2020-01-24T14:40:30 IST">
          <reporter-output>
          </reporter-output>
        </test-method> <!-- setupBaseURI -->
        <test-method status="PASS" signature="getResult(org.testng.ITestResult)[pri:0, instance:com.restAssured.testing.SimpleGetTest@1efed156]" name="getResult" is-config="true" duration-ms="3" started-at="2020-01-24T14:40:31 IST" finished-at="2020-01-24T14:40:31 IST">
          <params>
            <param index="0">
              <value>
                <![CDATA[[TestResult name=testSOAPService status=SUCCESS method=SimpleGetTest.testSOAPService()[pri:0, instance:com.restAssured.testing.SimpleGetTest@1efed156] output={null}]]]>
              </value>
            </param>
          </params>
          <reporter-output>
          </reporter-output>
        </test-method> <!-- getResult -->
        <test-method status="PASS" signature="setupBaseURI()[pri:0, instance:com.restAssured.testing.SimpleGetTest@1efed156]" name="setupBaseURI" is-config="true" duration-ms="2" started-at="2020-01-24T14:40:31 IST" finished-at="2020-01-24T14:40:31 IST">
          <reporter-output>
          </reporter-output>
        </test-method> <!-- setupBaseURI -->
        <test-method status="PASS" signature="testSimpleGetRestAPI()[pri:0, instance:com.restAssured.testing.SimpleGetTest@1efed156]" name="testSimpleGetRestAPI" duration-ms="852" started-at="2020-01-24T14:40:31 IST" finished-at="2020-01-24T14:40:32 IST">
          <reporter-output>
          </reporter-output>
        </test-method> <!-- testSimpleGetRestAPI -->
        <test-method status="FAIL" signature="testSplunkAPI()[pri:0, instance:com.restAssured.testing.SimpleGetTest@1efed156]" name="testSplunkAPI" duration-ms="425" started-at="2020-01-24T14:40:32 IST" finished-at="2020-01-24T14:40:32 IST">
          <exception class="java.net.UnknownHostException">
            <message>
              <![CDATA[splunk-ss-b.t-mobile.com]]>
            </message>
            <full-stacktrace>
              <![CDATA[java.net.UnknownHostException: splunk-ss-b.t-mobile.com
at java.net.Inet6AddressImpl.lookupAllHostAddr(Native Method)
at java.net.InetAddress$2.lookupAllHostAddr(Unknown Source)
at java.net.InetAddress.getAddressesFromNameService(Unknown Source)
at java.net.InetAddress.getAllByName0(Unknown Source)
at java.net.InetAddress.getAllByName(Unknown Source)
at java.net.InetAddress.getAllByName(Unknown Source)
at org.apache.http.impl.conn.SystemDefaultDnsResolver.resolve(SystemDefaultDnsResolver.java:45)
at org.apache.http.impl.conn.DefaultClientConnectionOperator.resolveHostname(DefaultClientConnectionOperator.java:263)
at org.apache.http.impl.conn.DefaultClientConnectionOperator.openConnection(DefaultClientConnectionOperator.java:162)
at org.apache.http.impl.conn.ManagedClientConnectionImpl.open(ManagedClientConnectionImpl.java:326)
at org.apache.http.impl.client.DefaultRequestDirector.tryConnect(DefaultRequestDirector.java:605)
at org.apache.http.impl.client.DefaultRequestDirector.execute(DefaultRequestDirector.java:440)
at org.apache.http.impl.client.AbstractHttpClient.doExecute(AbstractHttpClient.java:835)
at org.apache.http.impl.client.CloseableHttpClient.execute(CloseableHttpClient.java:83)
at org.apache.http.impl.client.CloseableHttpClient.execute(CloseableHttpClient.java:56)
at org.apache.http.client.HttpClient$execute$0.call(Unknown Source)
at io.restassured.internal.RequestSpecificationImpl$RestAssuredHttpBuilder.doRequest(RequestSpecificationImpl.groovy:2146)
at io.restassured.internal.http.HTTPBuilder.doRequest(HTTPBuilder.java:494)
at io.restassured.internal.http.HTTPBuilder.request(HTTPBuilder.java:451)
at io.restassured.internal.http.HTTPBuilder$request$3.call(Unknown Source)
at io.restassured.internal.RequestSpecificationImpl.sendHttpRequest(RequestSpecificationImpl.groovy:1544)
at sun.reflect.NativeMethodAccessorImpl.invoke0(Native Method)
at sun.reflect.NativeMethodAccessorImpl.invoke(Unknown Source)
at sun.reflect.DelegatingMethodAccessorImpl.invoke(Unknown Source)
at java.lang.reflect.Method.invoke(Unknown Source)
at org.codehaus.groovy.reflection.CachedMethod.invoke(CachedMethod.java:93)
at groovy.lang.MetaMethod.doMethodInvoke(MetaMethod.java:325)
at groovy.lang.MetaClassImpl.invokeMethod(MetaClassImpl.java:1210)
at groovy.lang.MetaClassImpl.invokeMethod(MetaClassImpl.java:1019)
at groovy.lang.MetaClassImpl.invokeMethod(MetaClassImpl.java:810)
at io.restassured.internal.RequestSpecificationImpl.invokeMethod(RequestSpecificationImpl.groovy)
at org.codehaus.groovy.runtime.callsite.PogoInterceptableSite.call(PogoInterceptableSite.java:48)
at org.codehaus.groovy.runtime.callsite.PogoInterceptableSite.callCurrent(PogoInterceptableSite.java:58)
at io.restassured.internal.RequestSpecificationImpl.sendRequest(RequestSpecificationImpl.groovy:1293)
at sun.reflect.GeneratedMethodAccessor81.invoke(Unknown Source)
at sun.reflect.DelegatingMethodAccessorImpl.invoke(Unknown Source)
at java.lang.reflect.Method.invoke(Unknown Source)
at org.codehaus.groovy.reflection.CachedMethod.invoke(CachedMethod.java:93)
at groovy.lang.MetaMethod.doMethodInvoke(MetaMethod.java:325)
at groovy.lang.MetaClassImpl.invokeMethod(MetaClassImpl.java:1210)
at groovy.lang.MetaClassImpl.invokeMethod(MetaClassImpl.java:1019)
at groovy.lang.MetaClassImpl.invokeMethod(MetaClassImpl.java:810)
at io.restassured.internal.RequestSpecificationImpl.invokeMethod(RequestSpecificationImpl.groovy)
at org.codehaus.groovy.runtime.callsite.PogoInterceptableSite.call(PogoInterceptableSite.java:48)
at org.codehaus.groovy.runtime.callsite.AbstractCallSite.call(AbstractCallSite.java:149)
at io.restassured.internal.filter.SendRequestFilter.filter(SendRequestFilter.groovy:30)
at io.restassured.filter.Filter$filter$0.call(Unknown Source)
at org.codehaus.groovy.runtime.callsite.CallSiteArray.defaultCall(CallSiteArray.java:48)
at io.restassured.filter.Filter$filter.call(Unknown Source)
at io.restassured.internal.filter.FilterContextImpl.next(FilterContextImpl.groovy:72)
at io.restassured.filter.time.TimingFilter.filter(TimingFilter.java:56)
at io.restassured.filter.Filter$filter.call(Unknown Source)
at org.codehaus.groovy.runtime.callsite.CallSiteArray.defaultCall(CallSiteArray.java:48)
at io.restassured.filter.Filter$filter$0.call(Unknown Source)
at io.restassured.internal.filter.FilterContextImpl.next(FilterContextImpl.groovy:72)
at io.restassured.filter.FilterContext$next.call(Unknown Source)
at io.restassured.internal.RequestSpecificationImpl.applyPathParamsAndSendRequest(RequestSpecificationImpl.groovy:1749)
at sun.reflect.GeneratedMethodAccessor75.invoke(Unknown Source)
at sun.reflect.DelegatingMethodAccessorImpl.invoke(Unknown Source)
at java.lang.reflect.Method.invoke(Unknown Source)
at org.codehaus.groovy.reflection.CachedMethod.invoke(CachedMethod.java:93)
at groovy.lang.MetaMethod.doMethodInvoke(MetaMethod.java:325)
at groovy.lang.MetaClassImpl.invokeMethod(MetaClassImpl.java:1210)
at groovy.lang.MetaClassImpl.invokeMethod(MetaClassImpl.java:1019)
at groovy.lang.MetaClassImpl.invokeMethod(MetaClassImpl.java:810)
at io.restassured.internal.RequestSpecificationImpl.invokeMethod(RequestSpecificationImpl.groovy)
at org.codehaus.groovy.runtime.callsite.PogoInterceptableSite.call(PogoInterceptableSite.java:48)
at org.codehaus.groovy.runtime.callsite.PogoInterceptableSite.callCurrent(PogoInterceptableSite.java:58)
at org.codehaus.groovy.runtime.callsite.AbstractCallSite.callCurrent(AbstractCallSite.java:182)
at io.restassured.internal.RequestSpecificationImpl.applyPathParamsAndSendRequest(RequestSpecificationImpl.groovy:1755)
at sun.reflect.NativeMethodAccessorImpl.invoke0(Native Method)
at sun.reflect.NativeMethodAccessorImpl.invoke(Unknown Source)
at sun.reflect.DelegatingMethodAccessorImpl.invoke(Unknown Source)
at java.lang.reflect.Method.invoke(Unknown Source)
at org.codehaus.groovy.reflection.CachedMethod.invoke(CachedMethod.java:93)
at groovy.lang.MetaMethod.doMethodInvoke(MetaMethod.java:325)
at groovy.lang.MetaClassImpl.invokeMethod(MetaClassImpl.java:1210)
at groovy.lang.MetaClassImpl.invokeMethod(MetaClassImpl.java:1019)
at groovy.lang.MetaClassImpl.invokeMethod(MetaClassImpl.java:810)
at io.restassured.internal.RequestSpecificationImpl.invokeMethod(RequestSpecificationImpl.groovy)
at org.codehaus.groovy.runtime.callsite.PogoInterceptableSite.call(PogoInterceptableSite.java:48)
at org.codehaus.groovy.runtime.callsite.PogoInterceptableSite.callCurrent(PogoInterceptableSite.java:58)
at org.codehaus.groovy.runtime.callsite.AbstractCallSite.callCurrent(AbstractCallSite.java:182)
at io.restassured.internal.RequestSpecificationImpl.get(RequestSpecificationImpl.groovy:171)
at io.restassured.internal.RequestSpecificationImpl.get(RequestSpecificationImpl.groovy)
at sun.reflect.NativeMethodAccessorImpl.invoke0(Native Method)
at sun.reflect.NativeMethodAccessorImpl.invoke(Unknown Source)
at sun.reflect.DelegatingMethodAccessorImpl.invoke(Unknown Source)
at java.lang.reflect.Method.invoke(Unknown Source)
at org.codehaus.groovy.reflection.CachedMethod.invoke(CachedMethod.java:93)
at groovy.lang.MetaMethod.doMethodInvoke(MetaMethod.java:325)
at groovy.lang.MetaClassImpl.invokeMethod(MetaClassImpl.java:1210)
at groovy.lang.MetaClassImpl.invokeMethod(MetaClassImpl.java:1019)
at groovy.lang.MetaClassImpl.invokeMethod(MetaClassImpl.java:810)
at io.restassured.internal.RequestSpecificationImpl.invokeMethod(RequestSpecificationImpl.groovy)
at org.codehaus.groovy.runtime.callsite.PogoInterceptableSite.call(PogoInterceptableSite.java:48)
at org.codehaus.groovy.runtime.callsite.PogoInterceptableSite.callCurrent(PogoInterceptableSite.java:58)
at org.codehaus.groovy.runtime.callsite.AbstractCallSite.callCurrent(AbstractCallSite.java:166)
at io.restassured.internal.RequestSpecificationImpl.get(RequestSpecificationImpl.groovy:255)
at io.restassured.internal.RequestSpecificationImpl.get(RequestSpecificationImpl.groovy)
at com.restAssured.testing.SimpleGetTest.testSplunkAPI(SimpleGetTest.java:83)
at sun.reflect.NativeMethodAccessorImpl.invoke0(Native Method)
at sun.reflect.NativeMethodAccessorImpl.invoke(Unknown Source)
at sun.reflect.DelegatingMethodAccessorImpl.invoke(Unknown Source)
at java.lang.reflect.Method.invoke(Unknown Source)
at org.testng.internal.MethodInvocationHelper.invokeMethod(MethodInvocationHelper.java:133)
at org.testng.internal.TestInvoker.invokeMethod(TestInvoker.java:584)
at org.testng.internal.TestInvoker.invokeTestMethod(TestInvoker.java:172)
at org.testng.internal.MethodRunner.runInSequence(MethodRunner.java:46)
at org.testng.internal.TestInvoker$MethodInvocationAgent.invoke(TestInvoker.java:804)
at org.testng.internal.TestInvoker.invokeTestMethods(TestInvoker.java:145)
at org.testng.internal.TestMethodWorker.invokeTestMethods(TestMethodWorker.java:146)
at org.testng.internal.TestMethodWorker.run(TestMethodWorker.java:128)
at java.util.ArrayList.forEach(Unknown Source)
at org.testng.TestRunner.privateRun(TestRunner.java:770)
at org.testng.TestRunner.run(TestRunner.java:591)
at org.testng.SuiteRunner.runTest(SuiteRunner.java:402)
at org.testng.SuiteRunner.runSequentially(SuiteRunner.java:396)
at org.testng.SuiteRunner.privateRun(SuiteRunner.java:355)
at org.testng.SuiteRunner.run(SuiteRunner.java:304)
at org.testng.SuiteRunnerWorker.runSuite(SuiteRunnerWorker.java:53)
at org.testng.SuiteRunnerWorker.run(SuiteRunnerWorker.java:96)
at org.testng.TestNG.runSuitesSequentially(TestNG.java:1180)
at org.testng.TestNG.runSuitesLocally(TestNG.java:1102)
at org.testng.TestNG.runSuites(TestNG.java:1032)
at org.testng.TestNG.run(TestNG.java:1000)
at org.testng.remote.AbstractRemoteTestNG.run(AbstractRemoteTestNG.java:115)
at org.testng.remote.RemoteTestNG.initAndRun(RemoteTestNG.java:251)
at org.testng.remote.RemoteTestNG.main(RemoteTestNG.java:77)
]]>
            </full-stacktrace>
          </exception> <!-- java.net.UnknownHostException -->
          <reporter-output>
          </reporter-output>
        </test-method> <!-- testSplunkAPI -->
        <test-method status="PASS" signature="getResult(org.testng.ITestResult)[pri:0, instance:com.restAssured.testing.SimpleGetTest@1efed156]" name="getResult" is-config="true" duration-ms="0" started-at="2020-01-24T14:40:32 IST" finished-at="2020-01-24T14:40:32 IST">
          <params>
            <param index="0">
              <value>
                <![CDATA[[TestResult name=testSimpleGetRestAPI status=SUCCESS method=SimpleGetTest.testSimpleGetRestAPI()[pri:0, instance:com.restAssured.testing.SimpleGetTest@1efed156] output={null}]]]>
              </value>
            </param>
          </params>
          <reporter-output>
          </reporter-output>
        </test-method> <!-- getResult -->
        <test-method status="PASS" signature="setupBaseURI()[pri:0, instance:com.restAssured.testing.SimpleGetTest@1efed156]" name="setupBaseURI" is-config="true" duration-ms="0" started-at="2020-01-24T14:40:32 IST" finished-at="2020-01-24T14:40:32 IST">
          <reporter-output>
          </reporter-output>
        </test-method> <!-- setupBaseURI -->
        <test-method status="PASS" signature="getResult(org.testng.ITestResult)[pri:0, instance:com.restAssured.testing.SimpleGetTest@1efed156]" name="getResult" is-config="true" duration-ms="0" started-at="2020-01-24T14:40:32 IST" finished-at="2020-01-24T14:40:32 IST">
          <params>
            <param index="0">
              <value>
                <![CDATA[[TestResult name=testSplunkAPI status=FAILURE method=SimpleGetTest.testSplunkAPI()[pri:0, instance:com.restAssured.testing.SimpleGetTest@1efed156] output={null}]]]>
              </value>
            </param>
          </params>
          <reporter-output>
          </reporter-output>
        </test-method> <!-- getResult -->
        <test-method status="PASS" signature="tearDown()[pri:0, instance:com.restAssured.testing.SimpleGetTest@1efed156]" name="tearDown" is-config="true" duration-ms="602" started-at="2020-01-24T14:40:32 IST" finished-at="2020-01-24T14:40:33 IST">
          <reporter-output>
          </reporter-output>
        </test-method> <!-- tearDown -->
      </class> <!-- com.restAssured.testing.SimpleGetTest -->
    </test> <!-- Test -->
  </suite> <!-- Suite -->
</testng-results>
